[2021-10-05 17:38:30.789] [exthost] [info] extension host started
[2021-10-05 17:38:30.802] [exthost] [info] Lock '/home/lizon/.vscode-server/data/User/workspaceStorage/daf6f274ccc582e147915d7877d74ae9/vscode.lock': Lock acquired.
[2021-10-05 17:38:30.938] [exthost] [info] ExtensionService#_doActivateExtension vscode.php-language-features {"startup":false,"extensionId":{"value":"vscode.php-language-features","_lower":"vscode.php-language-features"},"activationEvent":"onLanguage:php"}
[2021-10-05 17:38:30.938] [exthost] [info] ExtensionService#loadCommonJSModule file:///home/lizon/.vscode-server/bin/7f6ab5485bbc008386c4386d08766667e155244e/extensions/php-language-features/dist/phpMain
[2021-10-05 17:38:30.960] [exthost] [info] ExtensionService#_doActivateExtension bmewburn.vscode-intelephense-client {"startup":false,"extensionId":{"value":"bmewburn.vscode-intelephense-client","_lower":"bmewburn.vscode-intelephense-client"},"activationEvent":"onLanguage:php"}
[2021-10-05 17:38:30.960] [exthost] [info] ExtensionService#loadCommonJSModule file:///home/lizon/.vscode-server/extensions/bmewburn.vscode-intelephense-client-1.7.1/lib/extension
[2021-10-05 17:38:31.016] [exthost] [info] ExtensionService#_doActivateExtension vscode.debug-auto-launch {"startup":true,"extensionId":{"value":"vscode.debug-auto-launch","_lower":"vscode.debug-auto-launch"},"activationEvent":"*"}
[2021-10-05 17:38:31.016] [exthost] [info] ExtensionService#loadCommonJSModule file:///home/lizon/.vscode-server/bin/7f6ab5485bbc008386c4386d08766667e155244e/extensions/debug-auto-launch/dist/extension
[2021-10-05 17:38:31.024] [exthost] [info] ExtensionService#_doActivateExtension vscode.git {"startup":true,"extensionId":{"value":"vscode.github","_lower":"vscode.github"},"activationEvent":"*"}
[2021-10-05 17:38:31.024] [exthost] [info] ExtensionService#loadCommonJSModule file:///home/lizon/.vscode-server/bin/7f6ab5485bbc008386c4386d08766667e155244e/extensions/git/dist/main
[2021-10-05 17:38:31.118] [exthost] [info] ExtensionService#_doActivateExtension wraith13.clairvoyant {"startup":true,"extensionId":{"value":"wraith13.clairvoyant","_lower":"wraith13.clairvoyant"},"activationEvent":"*"}
[2021-10-05 17:38:31.118] [exthost] [info] ExtensionService#loadCommonJSModule file:///home/lizon/.vscode-server/extensions/wraith13.clairvoyant-7.4.0/out/source/extension.js
[2021-10-05 17:38:31.416] [exthost] [info] ExtensionService#_doActivateExtension vscode.github {"startup":true,"extensionId":{"value":"vscode.github","_lower":"vscode.github"},"activationEvent":"*"}
[2021-10-05 17:38:31.416] [exthost] [info] ExtensionService#loadCommonJSModule file:///home/lizon/.vscode-server/bin/7f6ab5485bbc008386c4386d08766667e155244e/extensions/github/dist/extension.js
[2021-10-05 17:38:31.736] [exthost] [info] ExtensionService#_doActivateExtension vscode.emmet {"startup":false,"extensionId":{"value":"vscode.emmet","_lower":"vscode.emmet"},"activationEvent":"onStartupFinished"}
[2021-10-05 17:38:31.736] [exthost] [info] ExtensionService#loadCommonJSModule file:///home/lizon/.vscode-server/bin/7f6ab5485bbc008386c4386d08766667e155244e/extensions/emmet/dist/node/emmetNodeMain
[2021-10-05 17:38:31.754] [exthost] [info] ExtensionService#_doActivateExtension vscode.merge-conflict {"startup":false,"extensionId":{"value":"vscode.merge-conflict","_lower":"vscode.merge-conflict"},"activationEvent":"onStartupFinished"}
[2021-10-05 17:38:31.754] [exthost] [info] ExtensionService#loadCommonJSModule file:///home/lizon/.vscode-server/bin/7f6ab5485bbc008386c4386d08766667e155244e/extensions/merge-conflict/dist/mergeConflictMain
[2021-10-05 17:38:31.765] [exthost] [info] eager extensions activated
[2021-10-05 17:38:31.886] [exthost] [info] ExtensionService#_doActivateExtension ms-vscode.js-debug {"startup":false,"extensionId":{"value":"ms-vscode.js-debug","_lower":"ms-vscode.js-debug"},"activationEvent":"onCommand:extension.js-debug.clearAutoAttachVariables"}
[2021-10-05 17:38:31.886] [exthost] [info] ExtensionService#loadCommonJSModule file:///home/lizon/.vscode-server/bin/7f6ab5485bbc008386c4386d08766667e155244e/extensions/ms-vscode.js-debug/src/extension.js
[2021-10-05 18:43:12.162] [exthost] [error] [bmewburn.vscode-intelephense-client] provider FAILED
[2021-10-05 18:43:12.164] [exthost] [error] Canceled: Canceled
	at w.makeCancelError (/home/lizon/.vscode-server/extensions/bmewburn.vscode-intelephense-client-1.7.1/lib/extension.js:1:128329)
	at w.handleFailedRequest (/home/lizon/.vscode-server/extensions/bmewburn.vscode-intelephense-client-1.7.1/lib/extension.js:1:128180)
	at /home/lizon/.vscode-server/extensions/bmewburn.vscode-intelephense-client-1.7.1/lib/extension.js:1:91995
	at async w.provideDocumentHighlights (/home/lizon/.vscode-server/bin/7f6ab5485bbc008386c4386d08766667e155244e/out/vs/server/remoteExtensionHostProcess.js:94:167255)
[2021-10-05 18:51:25.324] [exthost] [error] [bmewburn.vscode-intelephense-client] provider FAILED
[2021-10-05 18:51:25.325] [exthost] [error] Canceled: Canceled
	at w.makeCancelError (/home/lizon/.vscode-server/extensions/bmewburn.vscode-intelephense-client-1.7.1/lib/extension.js:1:128329)
	at w.handleFailedRequest (/home/lizon/.vscode-server/extensions/bmewburn.vscode-intelephense-client-1.7.1/lib/extension.js:1:128180)
	at /home/lizon/.vscode-server/extensions/bmewburn.vscode-intelephense-client-1.7.1/lib/extension.js:1:91995
	at runMicrotasks (<anonymous>)
	at runNextTicks (internal/process/task_queues.js:58:5)
	at processImmediate (internal/timers.js:434:9)
	at async w.provideDocumentHighlights (/home/lizon/.vscode-server/bin/7f6ab5485bbc008386c4386d08766667e155244e/out/vs/server/remoteExtensionHostProcess.js:94:167255)
[2021-10-05 18:52:12.921] [exthost] [error] [bmewburn.vscode-intelephense-client] provider FAILED
[2021-10-05 18:52:12.921] [exthost] [error] Canceled: Canceled
	at w.makeCancelError (/home/lizon/.vscode-server/extensions/bmewburn.vscode-intelephense-client-1.7.1/lib/extension.js:1:128329)
	at w.handleFailedRequest (/home/lizon/.vscode-server/extensions/bmewburn.vscode-intelephense-client-1.7.1/lib/extension.js:1:128180)
	at /home/lizon/.vscode-server/extensions/bmewburn.vscode-intelephense-client-1.7.1/lib/extension.js:1:87601
	at async $.resolveCompletionItem (/home/lizon/.vscode-server/bin/7f6ab5485bbc008386c4386d08766667e155244e/out/vs/server/remoteExtensionHostProcess.js:94:177637)
[2021-10-05 18:52:18.133] [exthost] [error] [bmewburn.vscode-intelephense-client] provider FAILED
[2021-10-05 18:52:18.133] [exthost] [error] Canceled: Canceled
	at w.makeCancelError (/home/lizon/.vscode-server/extensions/bmewburn.vscode-intelephense-client-1.7.1/lib/extension.js:1:128329)
	at w.handleFailedRequest (/home/lizon/.vscode-server/extensions/bmewburn.vscode-intelephense-client-1.7.1/lib/extension.js:1:128180)
	at /home/lizon/.vscode-server/extensions/bmewburn.vscode-intelephense-client-1.7.1/lib/extension.js:1:87601
	at async $.resolveCompletionItem (/home/lizon/.vscode-server/bin/7f6ab5485bbc008386c4386d08766667e155244e/out/vs/server/remoteExtensionHostProcess.js:94:177637)
[2021-10-05 18:53:46.520] [exthost] [error] [bmewburn.vscode-intelephense-client] provider FAILED
[2021-10-05 18:53:46.520] [exthost] [error] Canceled: Canceled
	at w.makeCancelError (/home/lizon/.vscode-server/extensions/bmewburn.vscode-intelephense-client-1.7.1/lib/extension.js:1:128329)
	at w.handleFailedRequest (/home/lizon/.vscode-server/extensions/bmewburn.vscode-intelephense-client-1.7.1/lib/extension.js:1:128180)
	at /home/lizon/.vscode-server/extensions/bmewburn.vscode-intelephense-client-1.7.1/lib/extension.js:1:87601
	at async $.resolveCompletionItem (/home/lizon/.vscode-server/bin/7f6ab5485bbc008386c4386d08766667e155244e/out/vs/server/remoteExtensionHostProcess.js:94:177637)
[2021-10-05 19:24:43.449] [exthost] [error] [bmewburn.vscode-intelephense-client] provider FAILED
[2021-10-05 19:24:43.450] [exthost] [error] Canceled: Canceled
	at w.makeCancelError (/home/lizon/.vscode-server/extensions/bmewburn.vscode-intelephense-client-1.7.1/lib/extension.js:1:128329)
	at w.handleFailedRequest (/home/lizon/.vscode-server/extensions/bmewburn.vscode-intelephense-client-1.7.1/lib/extension.js:1:128180)
	at /home/lizon/.vscode-server/extensions/bmewburn.vscode-intelephense-client-1.7.1/lib/extension.js:1:87601
	at async $.resolveCompletionItem (/home/lizon/.vscode-server/bin/7f6ab5485bbc008386c4386d08766667e155244e/out/vs/server/remoteExtensionHostProcess.js:94:177637)
[2021-10-05 19:24:45.688] [exthost] [error] [bmewburn.vscode-intelephense-client] provider FAILED
[2021-10-05 19:24:45.688] [exthost] [error] Canceled: Canceled
	at w.makeCancelError (/home/lizon/.vscode-server/extensions/bmewburn.vscode-intelephense-client-1.7.1/lib/extension.js:1:128329)
	at w.handleFailedRequest (/home/lizon/.vscode-server/extensions/bmewburn.vscode-intelephense-client-1.7.1/lib/extension.js:1:128180)
	at /home/lizon/.vscode-server/extensions/bmewburn.vscode-intelephense-client-1.7.1/lib/extension.js:1:87601
	at async $.resolveCompletionItem (/home/lizon/.vscode-server/bin/7f6ab5485bbc008386c4386d08766667e155244e/out/vs/server/remoteExtensionHostProcess.js:94:177637)
