[2021-09-25 13:23:30.308] [exthost] [info] extension host started
[2021-09-25 13:23:30.323] [exthost] [info] Lock '/home/lizon/.vscode-server/data/User/workspaceStorage/daf6f274ccc582e147915d7877d74ae9/vscode.lock': Lock acquired.
[2021-09-25 13:23:30.576] [exthost] [info] ExtensionService#_doActivateExtension vscode.php-language-features {"startup":false,"extensionId":{"value":"vscode.php-language-features","_lower":"vscode.php-language-features"},"activationEvent":"onLanguage:php"}
[2021-09-25 13:23:30.577] [exthost] [info] ExtensionService#loadCommonJSModule file:///home/lizon/.vscode-server/bin/7f6ab5485bbc008386c4386d08766667e155244e/extensions/php-language-features/dist/phpMain
[2021-09-25 13:23:30.601] [exthost] [info] ExtensionService#_doActivateExtension bmewburn.vscode-intelephense-client {"startup":false,"extensionId":{"value":"bmewburn.vscode-intelephense-client","_lower":"bmewburn.vscode-intelephense-client"},"activationEvent":"onLanguage:php"}
[2021-09-25 13:23:30.601] [exthost] [info] ExtensionService#loadCommonJSModule file:///home/lizon/.vscode-server/extensions/bmewburn.vscode-intelephense-client-1.7.1/lib/extension
[2021-09-25 13:23:30.667] [exthost] [info] ExtensionService#_doActivateExtension vscode.debug-auto-launch {"startup":true,"extensionId":{"value":"vscode.debug-auto-launch","_lower":"vscode.debug-auto-launch"},"activationEvent":"*"}
[2021-09-25 13:23:30.667] [exthost] [info] ExtensionService#loadCommonJSModule file:///home/lizon/.vscode-server/bin/7f6ab5485bbc008386c4386d08766667e155244e/extensions/debug-auto-launch/dist/extension
[2021-09-25 13:23:30.675] [exthost] [info] ExtensionService#_doActivateExtension vscode.git {"startup":true,"extensionId":{"value":"vscode.github","_lower":"vscode.github"},"activationEvent":"*"}
[2021-09-25 13:23:30.675] [exthost] [info] ExtensionService#loadCommonJSModule file:///home/lizon/.vscode-server/bin/7f6ab5485bbc008386c4386d08766667e155244e/extensions/git/dist/main
[2021-09-25 13:23:30.924] [exthost] [info] ExtensionService#_doActivateExtension vscode.github {"startup":true,"extensionId":{"value":"vscode.github","_lower":"vscode.github"},"activationEvent":"*"}
[2021-09-25 13:23:30.924] [exthost] [info] ExtensionService#loadCommonJSModule file:///home/lizon/.vscode-server/bin/7f6ab5485bbc008386c4386d08766667e155244e/extensions/github/dist/extension.js
[2021-09-25 13:23:30.993] [exthost] [info] ExtensionService#_doActivateExtension ms-vscode.js-debug {"startup":false,"extensionId":{"value":"ms-vscode.js-debug","_lower":"ms-vscode.js-debug"},"activationEvent":"onCommand:extension.js-debug.clearAutoAttachVariables"}
[2021-09-25 13:23:30.993] [exthost] [info] ExtensionService#loadCommonJSModule file:///home/lizon/.vscode-server/bin/7f6ab5485bbc008386c4386d08766667e155244e/extensions/ms-vscode.js-debug/src/extension.js
[2021-09-25 13:23:31.264] [exthost] [info] ExtensionService#_doActivateExtension vscode.emmet {"startup":false,"extensionId":{"value":"vscode.emmet","_lower":"vscode.emmet"},"activationEvent":"onStartupFinished"}
[2021-09-25 13:23:31.264] [exthost] [info] ExtensionService#loadCommonJSModule file:///home/lizon/.vscode-server/bin/7f6ab5485bbc008386c4386d08766667e155244e/extensions/emmet/dist/node/emmetNodeMain
[2021-09-25 13:23:31.278] [exthost] [info] ExtensionService#_doActivateExtension vscode.merge-conflict {"startup":false,"extensionId":{"value":"vscode.merge-conflict","_lower":"vscode.merge-conflict"},"activationEvent":"onStartupFinished"}
[2021-09-25 13:23:31.278] [exthost] [info] ExtensionService#loadCommonJSModule file:///home/lizon/.vscode-server/bin/7f6ab5485bbc008386c4386d08766667e155244e/extensions/merge-conflict/dist/mergeConflictMain
[2021-09-25 13:23:31.282] [exthost] [info] eager extensions activated
[2021-09-25 15:31:41.950] [exthost] [error] [bmewburn.vscode-intelephense-client] provider FAILED
[2021-09-25 15:31:41.952] [exthost] [error] Canceled: Canceled
	at w.makeCancelError (/home/lizon/.vscode-server/extensions/bmewburn.vscode-intelephense-client-1.7.1/lib/extension.js:1:128329)
	at w.handleFailedRequest (/home/lizon/.vscode-server/extensions/bmewburn.vscode-intelephense-client-1.7.1/lib/extension.js:1:128180)
	at /home/lizon/.vscode-server/extensions/bmewburn.vscode-intelephense-client-1.7.1/lib/extension.js:1:87601
	at async $.resolveCompletionItem (/home/lizon/.vscode-server/bin/7f6ab5485bbc008386c4386d08766667e155244e/out/vs/server/remoteExtensionHostProcess.js:94:177637)
[2021-09-25 15:51:30.170] [exthost] [error] [bmewburn.vscode-intelephense-client] provider FAILED
[2021-09-25 15:51:30.171] [exthost] [error] Canceled: Canceled
	at w.makeCancelError (/home/lizon/.vscode-server/extensions/bmewburn.vscode-intelephense-client-1.7.1/lib/extension.js:1:128329)
	at w.handleFailedRequest (/home/lizon/.vscode-server/extensions/bmewburn.vscode-intelephense-client-1.7.1/lib/extension.js:1:128180)
	at /home/lizon/.vscode-server/extensions/bmewburn.vscode-intelephense-client-1.7.1/lib/extension.js:1:87601
	at async $.resolveCompletionItem (/home/lizon/.vscode-server/bin/7f6ab5485bbc008386c4386d08766667e155244e/out/vs/server/remoteExtensionHostProcess.js:94:177637)
[2021-09-25 16:06:17.772] [exthost] [info] ExtensionService#_doActivateExtension vscode.extension-editing {"startup":false,"extensionId":{"value":"vscode.extension-editing","_lower":"vscode.extension-editing"},"activationEvent":"onLanguage:typescript"}
[2021-09-25 16:06:17.772] [exthost] [info] ExtensionService#loadCommonJSModule file:///home/lizon/.vscode-server/bin/7f6ab5485bbc008386c4386d08766667e155244e/extensions/extension-editing/dist/extensionEditingMain
[2021-09-25 16:06:17.789] [exthost] [info] ExtensionService#_doActivateExtension vscode.typescript-language-features {"startup":false,"extensionId":{"value":"vscode.typescript-language-features","_lower":"vscode.typescript-language-features"},"activationEvent":"onLanguage:typescript"}
[2021-09-25 16:06:17.789] [exthost] [info] ExtensionService#loadCommonJSModule file:///home/lizon/.vscode-server/bin/7f6ab5485bbc008386c4386d08766667e155244e/extensions/typescript-language-features/dist/extension
[2021-09-25 16:06:30.792] [exthost] [error] [bmewburn.vscode-intelephense-client] provider FAILED
[2021-09-25 16:06:30.793] [exthost] [error] Canceled: Canceled
	at w.makeCancelError (/home/lizon/.vscode-server/extensions/bmewburn.vscode-intelephense-client-1.7.1/lib/extension.js:1:128329)
	at w.handleFailedRequest (/home/lizon/.vscode-server/extensions/bmewburn.vscode-intelephense-client-1.7.1/lib/extension.js:1:128180)
	at /home/lizon/.vscode-server/extensions/bmewburn.vscode-intelephense-client-1.7.1/lib/extension.js:1:87601
	at async $.resolveCompletionItem (/home/lizon/.vscode-server/bin/7f6ab5485bbc008386c4386d08766667e155244e/out/vs/server/remoteExtensionHostProcess.js:94:177637)
[2021-09-25 16:07:47.979] [exthost] [error] [bmewburn.vscode-intelephense-client] provider FAILED
[2021-09-25 16:07:47.980] [exthost] [error] Canceled: Canceled
	at w.makeCancelError (/home/lizon/.vscode-server/extensions/bmewburn.vscode-intelephense-client-1.7.1/lib/extension.js:1:128329)
	at w.handleFailedRequest (/home/lizon/.vscode-server/extensions/bmewburn.vscode-intelephense-client-1.7.1/lib/extension.js:1:128180)
	at /home/lizon/.vscode-server/extensions/bmewburn.vscode-intelephense-client-1.7.1/lib/extension.js:1:87601
	at async $.resolveCompletionItem (/home/lizon/.vscode-server/bin/7f6ab5485bbc008386c4386d08766667e155244e/out/vs/server/remoteExtensionHostProcess.js:94:177637)
[2021-09-25 16:12:13.008] [exthost] [error] [bmewburn.vscode-intelephense-client] provider FAILED
[2021-09-25 16:12:13.009] [exthost] [error] Canceled: Canceled
	at w.makeCancelError (/home/lizon/.vscode-server/extensions/bmewburn.vscode-intelephense-client-1.7.1/lib/extension.js:1:128329)
	at w.handleFailedRequest (/home/lizon/.vscode-server/extensions/bmewburn.vscode-intelephense-client-1.7.1/lib/extension.js:1:128180)
	at /home/lizon/.vscode-server/extensions/bmewburn.vscode-intelephense-client-1.7.1/lib/extension.js:1:87601
	at async $.resolveCompletionItem (/home/lizon/.vscode-server/bin/7f6ab5485bbc008386c4386d08766667e155244e/out/vs/server/remoteExtensionHostProcess.js:94:177637)
