[2021-09-21 18:54:27.590] [exthost] [info] extension host started
[2021-09-21 18:54:27.623] [exthost] [info] Lock '/home/lizon/.vscode-server/data/User/workspaceStorage/daf6f274ccc582e147915d7877d74ae9/vscode.lock': Lock acquired.
[2021-09-21 18:54:27.786] [exthost] [info] ExtensionService#_doActivateExtension vscode.php-language-features {"startup":false,"extensionId":{"value":"vscode.php-language-features","_lower":"vscode.php-language-features"},"activationEvent":"onLanguage:php"}
[2021-09-21 18:54:27.786] [exthost] [info] ExtensionService#loadCommonJSModule file:///home/lizon/.vscode-server/bin/83bd43bc519d15e50c4272c6cf5c1479df196a4d/extensions/php-language-features/dist/phpMain
[2021-09-21 18:54:27.810] [exthost] [info] ExtensionService#_doActivateExtension bmewburn.vscode-intelephense-client {"startup":false,"extensionId":{"value":"bmewburn.vscode-intelephense-client","_lower":"bmewburn.vscode-intelephense-client"},"activationEvent":"onLanguage:php"}
[2021-09-21 18:54:27.810] [exthost] [info] ExtensionService#loadCommonJSModule file:///home/lizon/.vscode-server/extensions/bmewburn.vscode-intelephense-client-1.7.1/lib/extension
[2021-09-21 18:54:27.857] [exthost] [info] ExtensionService#_doActivateExtension vscode.debug-auto-launch {"startup":true,"extensionId":{"value":"vscode.debug-auto-launch","_lower":"vscode.debug-auto-launch"},"activationEvent":"*"}
[2021-09-21 18:54:27.858] [exthost] [info] ExtensionService#loadCommonJSModule file:///home/lizon/.vscode-server/bin/83bd43bc519d15e50c4272c6cf5c1479df196a4d/extensions/debug-auto-launch/dist/extension
[2021-09-21 18:54:27.862] [exthost] [info] ExtensionService#_doActivateExtension vscode.git {"startup":true,"extensionId":{"value":"vscode.github","_lower":"vscode.github"},"activationEvent":"*"}
[2021-09-21 18:54:27.862] [exthost] [info] ExtensionService#loadCommonJSModule file:///home/lizon/.vscode-server/bin/83bd43bc519d15e50c4272c6cf5c1479df196a4d/extensions/git/dist/main
[2021-09-21 18:54:28.485] [exthost] [info] ExtensionService#_doActivateExtension vscode.github {"startup":true,"extensionId":{"value":"vscode.github","_lower":"vscode.github"},"activationEvent":"*"}
[2021-09-21 18:54:28.485] [exthost] [info] ExtensionService#loadCommonJSModule file:///home/lizon/.vscode-server/bin/83bd43bc519d15e50c4272c6cf5c1479df196a4d/extensions/github/dist/extension.js
[2021-09-21 18:54:28.559] [exthost] [info] ExtensionService#_doActivateExtension vscode.emmet {"startup":false,"extensionId":{"value":"vscode.emmet","_lower":"vscode.emmet"},"activationEvent":"onStartupFinished"}
[2021-09-21 18:54:28.559] [exthost] [info] ExtensionService#loadCommonJSModule file:///home/lizon/.vscode-server/bin/83bd43bc519d15e50c4272c6cf5c1479df196a4d/extensions/emmet/dist/node/emmetNodeMain
[2021-09-21 18:54:28.589] [exthost] [info] ExtensionService#_doActivateExtension vscode.merge-conflict {"startup":false,"extensionId":{"value":"vscode.merge-conflict","_lower":"vscode.merge-conflict"},"activationEvent":"onStartupFinished"}
[2021-09-21 18:54:28.589] [exthost] [info] ExtensionService#loadCommonJSModule file:///home/lizon/.vscode-server/bin/83bd43bc519d15e50c4272c6cf5c1479df196a4d/extensions/merge-conflict/dist/mergeConflictMain
[2021-09-21 18:54:28.597] [exthost] [info] eager extensions activated
[2021-09-21 18:54:28.645] [exthost] [info] ExtensionService#_doActivateExtension ms-vscode.js-debug {"startup":false,"extensionId":{"value":"ms-vscode.js-debug","_lower":"ms-vscode.js-debug"},"activationEvent":"onCommand:extension.js-debug.clearAutoAttachVariables"}
[2021-09-21 18:54:28.645] [exthost] [info] ExtensionService#loadCommonJSModule file:///home/lizon/.vscode-server/bin/83bd43bc519d15e50c4272c6cf5c1479df196a4d/extensions/ms-vscode.js-debug/src/extension.js
[2021-09-21 19:12:35.357] [exthost] [error] [bmewburn.vscode-intelephense-client] provider FAILED
[2021-09-21 19:12:35.358] [exthost] [error] TypeError: Cannot read property 'kind' of undefined
	at /home/lizon/.vscode-server/extensions/bmewburn.vscode-intelephense-client-1.7.1/lib/extension.js:1:165787
	at asHover (/home/lizon/.vscode-server/extensions/bmewburn.vscode-intelephense-client-1.7.1/lib/extension.js:1:166000)
	at async g.provideHover (/home/lizon/.vscode-server/bin/83bd43bc519d15e50c4272c6cf5c1479df196a4d/out/vs/server/remoteExtensionHostProcess.js:94:166317)
