[Info  - 5:38:32 PM] Initialising intelephense 1.7.1
[Info  - 5:38:32 PM] Reading state from /home/lizon/.vscode-server/data/User/workspaceStorage/daf6f274ccc582e147915d7877d74ae9/bmewburn.vscode-intelephense-client/1d401cc.
[Info  - 5:38:33 PM] Initialised in 1242 ms
[Warn  - 5:38:34 PM] file:///home/lizon/example-app/vendor/fakerphp/faker/src/Faker/Provider/nl_BE/Text.php is over the maximum file size of 1000000 bytes.
[Info  - 5:38:34 PM] Indexing started.
[Info  - 5:38:34 PM] Indexing ended. 20 files indexed in 0s.
[Info  - 5:38:34 PM] Writing state to /home/lizon/.vscode-server/data/User/workspaceStorage/daf6f274ccc582e147915d7877d74ae9/bmewburn.vscode-intelephense-client/1d401cc.
[Info  - 5:38:35 PM] Wrote state in 0.8s.
[Info  - 5:38:51 PM] Indexing started.
[Info  - 5:38:51 PM] Indexing ended. 190 files indexed in 0s.
[Info  - 5:38:52 PM] Indexing started.
[Info  - 5:38:52 PM] Indexing ended. 5 files indexed in 0s.
[Info  - 5:39:28 PM] Indexing started.
[Info  - 5:39:29 PM] Indexing ended. 1 files indexed in 0s.
[Info  - 5:44:53 PM] Indexing started.
[Info  - 5:44:54 PM] Indexing ended. 2 files indexed in 0s.
[Info  - 5:44:55 PM] Indexing started.
[Info  - 5:44:55 PM] Indexing ended. 4 files indexed in 0s.
[Info  - 5:57:34 PM] Indexing started.
[Info  - 5:57:35 PM] Indexing ended. 1 files indexed in 0s.
[Info  - 5:57:35 PM] Indexing started.
[Info  - 5:57:36 PM] Indexing ended. 3 files indexed in 0s.
[Info  - 6:01:46 PM] Indexing started.
[Info  - 6:01:46 PM] Indexing ended. 1 files indexed in 0s.
[Info  - 6:01:59 PM] Indexing started.
[Info  - 6:01:59 PM] Indexing ended. 1 files indexed in 0s.
[Info  - 6:02:17 PM] Indexing started.
[Info  - 6:02:17 PM] Indexing ended. 1 files indexed in 0s.
[Info  - 6:05:35 PM] Indexing started.
[Info  - 6:05:35 PM] Indexing ended. 1 files indexed in 0s.
[Info  - 6:09:51 PM] Indexing started.
[Info  - 6:09:51 PM] Indexing ended. 1 files indexed in 0s.
[Info  - 6:11:10 PM] Indexing started.
[Info  - 6:11:10 PM] Indexing ended. 1 files indexed in 0s.
[Info  - 6:23:44 PM] Indexing started.
[Info  - 6:23:44 PM] Indexing ended. 1 files indexed in 0s.
[Info  - 6:37:45 PM] Indexing started.
[Info  - 6:37:45 PM] Indexing ended. 1 files indexed in 0s.
[Info  - 6:47:53 PM] Indexing started.
[Info  - 6:47:54 PM] Indexing ended. 1 files indexed in 0s.
[Info  - 7:00:14 PM] Indexing started.
[Info  - 7:00:14 PM] Indexing ended. 2 files indexed in 0s.
[Info  - 7:01:05 PM] Indexing started.
[Info  - 7:01:05 PM] Indexing ended. 2 files indexed in 0s.
[Info  - 7:02:16 PM] Indexing started.
[Info  - 7:02:16 PM] Indexing ended. 2 files indexed in 0s.
[Info  - 7:02:19 PM] Indexing started.
[Info  - 7:02:20 PM] Indexing ended. 1 files indexed in 0s.
[Info  - 7:06:29 PM] Indexing started.
[Info  - 7:06:30 PM] Indexing ended. 289 files indexed in 0s.
[Info  - 7:06:30 PM] Indexing started.
[Info  - 7:06:30 PM] Indexing ended. 6 files indexed in 0s.
