[2021-09-04 11:18:52.072] [exthost] [info] extension host started
[2021-09-04 11:18:52.095] [exthost] [info] ExtensionService#_doActivateExtension vscode.debug-auto-launch {"startup":true,"extensionId":{"value":"vscode.debug-auto-launch","_lower":"vscode.debug-auto-launch"},"activationEvent":"*"}
[2021-09-04 11:18:52.095] [exthost] [info] ExtensionService#loadCommonJSModule file:///home/lizon/.vscode-server/bin/e7d7e9a9348e6a8cc8c03f877d39cb72e5dfb1ff/extensions/debug-auto-launch/dist/extension
[2021-09-04 11:18:52.099] [exthost] [info] ExtensionService#_doActivateExtension vscode.git {"startup":true,"extensionId":{"value":"vscode.github","_lower":"vscode.github"},"activationEvent":"*"}
[2021-09-04 11:18:52.099] [exthost] [info] ExtensionService#loadCommonJSModule file:///home/lizon/.vscode-server/bin/e7d7e9a9348e6a8cc8c03f877d39cb72e5dfb1ff/extensions/git/dist/main
[2021-09-04 11:18:52.166] [exthost] [info] Lock '/home/lizon/.vscode-server/data/User/workspaceStorage/daf6f274ccc582e147915d7877d74ae9/vscode.lock': Lock acquired.
[2021-09-04 11:18:52.216] [exthost] [info] ExtensionService#_doActivateExtension vscode.github {"startup":true,"extensionId":{"value":"vscode.github","_lower":"vscode.github"},"activationEvent":"*"}
[2021-09-04 11:18:52.217] [exthost] [info] ExtensionService#loadCommonJSModule file:///home/lizon/.vscode-server/bin/e7d7e9a9348e6a8cc8c03f877d39cb72e5dfb1ff/extensions/github/dist/extension.js
[2021-09-04 11:18:52.252] [exthost] [info] ExtensionService#_doActivateExtension vscode.emmet {"startup":false,"extensionId":{"value":"vscode.emmet","_lower":"vscode.emmet"},"activationEvent":"onStartupFinished"}
[2021-09-04 11:18:52.253] [exthost] [info] ExtensionService#loadCommonJSModule file:///home/lizon/.vscode-server/bin/e7d7e9a9348e6a8cc8c03f877d39cb72e5dfb1ff/extensions/emmet/dist/node/emmetNodeMain
[2021-09-04 11:18:52.267] [exthost] [info] ExtensionService#_doActivateExtension vscode.merge-conflict {"startup":false,"extensionId":{"value":"vscode.merge-conflict","_lower":"vscode.merge-conflict"},"activationEvent":"onStartupFinished"}
[2021-09-04 11:18:52.267] [exthost] [info] ExtensionService#loadCommonJSModule file:///home/lizon/.vscode-server/bin/e7d7e9a9348e6a8cc8c03f877d39cb72e5dfb1ff/extensions/merge-conflict/dist/mergeConflictMain
[2021-09-04 11:18:52.271] [exthost] [info] eager extensions activated
[2021-09-04 11:18:52.271] [exthost] [info] ExtensionService#_doActivateExtension ms-vscode.js-debug {"startup":false,"extensionId":{"value":"ms-vscode.js-debug","_lower":"ms-vscode.js-debug"},"activationEvent":"onCommand:extension.js-debug.clearAutoAttachVariables"}
[2021-09-04 11:18:52.271] [exthost] [info] ExtensionService#loadCommonJSModule file:///home/lizon/.vscode-server/bin/e7d7e9a9348e6a8cc8c03f877d39cb72e5dfb1ff/extensions/ms-vscode.js-debug/src/extension.js
[2021-09-04 11:19:11.123] [exthost] [info] ExtensionService#_doActivateExtension vscode.php-language-features {"startup":false,"extensionId":{"value":"vscode.php-language-features","_lower":"vscode.php-language-features"},"activationEvent":"onLanguage:php"}
[2021-09-04 11:19:11.124] [exthost] [info] ExtensionService#loadCommonJSModule file:///home/lizon/.vscode-server/bin/e7d7e9a9348e6a8cc8c03f877d39cb72e5dfb1ff/extensions/php-language-features/dist/phpMain
[2021-09-04 11:57:38.247] [exthost] [warning] [Decorations] CAPPING events from decorations provider vscode.git 1534
[2021-09-04 11:57:41.658] [exthost] [warning] [Decorations] CAPPING events from decorations provider vscode.git 1534
[2021-09-04 11:57:46.720] [exthost] [warning] [Decorations] CAPPING events from decorations provider vscode.git 1534
[2021-09-04 11:57:55.730] [exthost] [warning] [Decorations] CAPPING events from decorations provider vscode.git 1535
[2021-09-04 11:58:11.686] [exthost] [warning] [Decorations] CAPPING events from decorations provider vscode.git 1535
[2021-09-04 11:58:16.747] [exthost] [warning] [Decorations] CAPPING events from decorations provider vscode.git 1535
[2021-09-04 11:58:23.127] [exthost] [warning] [Decorations] CAPPING events from decorations provider vscode.git 1535
[2021-09-04 11:58:28.191] [exthost] [warning] [Decorations] CAPPING events from decorations provider vscode.git 1535
[2021-09-04 11:58:33.973] [exthost] [warning] [Decorations] CAPPING events from decorations provider vscode.git 1535
[2021-09-04 11:58:39.427] [exthost] [warning] [Decorations] CAPPING events from decorations provider vscode.git 1535
[2021-09-04 11:58:44.492] [exthost] [warning] [Decorations] CAPPING events from decorations provider vscode.git 1535
[2021-09-04 11:58:49.556] [exthost] [warning] [Decorations] CAPPING events from decorations provider vscode.git 1535
[2021-09-04 11:58:54.619] [exthost] [warning] [Decorations] CAPPING events from decorations provider vscode.git 1535
[2021-09-04 11:58:59.688] [exthost] [warning] [Decorations] CAPPING events from decorations provider vscode.git 1535
[2021-09-04 11:59:04.758] [exthost] [warning] [Decorations] CAPPING events from decorations provider vscode.git 1535
[2021-09-04 11:59:09.832] [exthost] [warning] [Decorations] CAPPING events from decorations provider vscode.git 1535
[2021-09-04 11:59:14.905] [exthost] [warning] [Decorations] CAPPING events from decorations provider vscode.git 1535
[2021-09-04 11:59:19.981] [exthost] [warning] [Decorations] CAPPING events from decorations provider vscode.git 1535
[2021-09-04 11:59:25.902] [exthost] [warning] [Decorations] CAPPING events from decorations provider vscode.git 1535
[2021-09-04 11:59:43.526] [exthost] [warning] [Decorations] CAPPING events from decorations provider vscode.git 1535
[2021-09-04 11:59:44.050] [exthost] [error] {"message":"Git error","stdout":"","stderr":"fatal: Pathspec '/home/lizon/laravel-app/bootstrap' is in submodule 'laravel-app'\n","exitCode":128,"gitErrorCode":"IsInSubmodule"}
[2021-09-04 11:59:44.050] [exthost] [error] {"message":"Git error","stdout":"","stderr":"fatal: Pathspec '/home/lizon/laravel-app/bootstrap' is in submodule 'laravel-app'\n","exitCode":128,"gitErrorCode":"IsInSubmodule"}
[2021-09-04 11:59:44.050] [exthost] [error] {"message":"Git error","stdout":"","stderr":"fatal: Pathspec '/home/lizon/laravel-app/bootstrap' is in submodule 'laravel-app'\n","exitCode":128,"gitErrorCode":"IsInSubmodule"}
[2021-09-04 11:59:44.050] [exthost] [error] {"message":"Git error","stdout":"","stderr":"fatal: Pathspec '/home/lizon/laravel-app/bootstrap' is in submodule 'laravel-app'\n","exitCode":128,"gitErrorCode":"IsInSubmodule"}
[2021-09-04 11:59:44.050] [exthost] [error] {"message":"Git error","stdout":"","stderr":"fatal: Pathspec '/home/lizon/laravel-app/bootstrap' is in submodule 'laravel-app'\n","exitCode":128,"gitErrorCode":"IsInSubmodule"}
[2021-09-04 11:59:44.050] [exthost] [error] {"message":"Git error","stdout":"","stderr":"fatal: Pathspec '/home/lizon/laravel-app/bootstrap' is in submodule 'laravel-app'\n","exitCode":128,"gitErrorCode":"IsInSubmodule"}
[2021-09-04 11:59:44.050] [exthost] [error] {"message":"Git error","stdout":"","stderr":"fatal: Pathspec '/home/lizon/laravel-app/bootstrap' is in submodule 'laravel-app'\n","exitCode":128,"gitErrorCode":"IsInSubmodule"}
[2021-09-04 11:59:44.050] [exthost] [error] {"message":"Git error","stdout":"","stderr":"fatal: Pathspec '/home/lizon/laravel-app/bootstrap' is in submodule 'laravel-app'\n","exitCode":128,"gitErrorCode":"IsInSubmodule"}
[2021-09-04 11:59:44.050] [exthost] [error] {"message":"Git error","stdout":"","stderr":"fatal: Pathspec '/home/lizon/laravel-app/bootstrap' is in submodule 'laravel-app'\n","exitCode":128,"gitErrorCode":"IsInSubmodule"}
[2021-09-04 11:59:44.050] [exthost] [error] {"message":"Git error","stdout":"","stderr":"fatal: Pathspec '/home/lizon/laravel-app/bootstrap' is in submodule 'laravel-app'\n","exitCode":128,"gitErrorCode":"IsInSubmodule"}
[2021-09-04 11:59:44.050] [exthost] [error] {"message":"Git error","stdout":"","stderr":"fatal: Pathspec '/home/lizon/laravel-app/bootstrap' is in submodule 'laravel-app'\n","exitCode":128,"gitErrorCode":"IsInSubmodule"}
[2021-09-04 11:59:44.050] [exthost] [error] {"message":"Git error","stdout":"","stderr":"fatal: Pathspec '/home/lizon/laravel-app/bootstrap' is in submodule 'laravel-app'\n","exitCode":128,"gitErrorCode":"IsInSubmodule"}
[2021-09-04 11:59:44.050] [exthost] [error] {"message":"Git error","stdout":"","stderr":"fatal: Pathspec '/home/lizon/laravel-app/bootstrap' is in submodule 'laravel-app'\n","exitCode":128,"gitErrorCode":"IsInSubmodule"}
[2021-09-04 11:59:44.050] [exthost] [error] {"message":"Git error","stdout":"","stderr":"fatal: Pathspec '/home/lizon/laravel-app/bootstrap' is in submodule 'laravel-app'\n","exitCode":128,"gitErrorCode":"IsInSubmodule"}
[2021-09-04 11:59:44.050] [exthost] [error] {"message":"Git error","stdout":"","stderr":"fatal: Pathspec '/home/lizon/laravel-app/bootstrap' is in submodule 'laravel-app'\n","exitCode":128,"gitErrorCode":"IsInSubmodule"}
[2021-09-04 11:59:44.050] [exthost] [error] {"message":"Git error","stdout":"","stderr":"fatal: Pathspec '/home/lizon/laravel-app/bootstrap' is in submodule 'laravel-app'\n","exitCode":128,"gitErrorCode":"IsInSubmodule"}
[2021-09-04 11:59:44.050] [exthost] [error] {"message":"Git error","stdout":"","stderr":"fatal: Pathspec '/home/lizon/laravel-app/bootstrap' is in submodule 'laravel-app'\n","exitCode":128,"gitErrorCode":"IsInSubmodule"}
[2021-09-04 11:59:44.050] [exthost] [error] {"message":"Git error","stdout":"","stderr":"fatal: Pathspec '/home/lizon/laravel-app/bootstrap' is in submodule 'laravel-app'\n","exitCode":128,"gitErrorCode":"IsInSubmodule"}
[2021-09-04 11:59:44.050] [exthost] [error] {"message":"Git error","stdout":"","stderr":"fatal: Pathspec '/home/lizon/laravel-app/bootstrap' is in submodule 'laravel-app'\n","exitCode":128,"gitErrorCode":"IsInSubmodule"}
[2021-09-04 11:59:44.050] [exthost] [error] {"message":"Git error","stdout":"","stderr":"fatal: Pathspec '/home/lizon/laravel-app/bootstrap' is in submodule 'laravel-app'\n","exitCode":128,"gitErrorCode":"IsInSubmodule"}
[2021-09-04 11:59:44.050] [exthost] [error] {"message":"Git error","stdout":"","stderr":"fatal: Pathspec '/home/lizon/laravel-app/bootstrap' is in submodule 'laravel-app'\n","exitCode":128,"gitErrorCode":"IsInSubmodule"}
[2021-09-04 11:59:44.050] [exthost] [error] {"message":"Git error","stdout":"","stderr":"fatal: Pathspec '/home/lizon/laravel-app/bootstrap' is in submodule 'laravel-app'\n","exitCode":128,"gitErrorCode":"IsInSubmodule"}
[2021-09-04 11:59:44.050] [exthost] [error] {"message":"Git error","stdout":"","stderr":"fatal: Pathspec '/home/lizon/laravel-app/bootstrap' is in submodule 'laravel-app'\n","exitCode":128,"gitErrorCode":"IsInSubmodule"}
[2021-09-04 11:59:44.050] [exthost] [error] {"message":"Git error","stdout":"","stderr":"fatal: Pathspec '/home/lizon/laravel-app/bootstrap' is in submodule 'laravel-app'\n","exitCode":128,"gitErrorCode":"IsInSubmodule"}
[2021-09-04 11:59:44.050] [exthost] [error] {"message":"Git error","stdout":"","stderr":"fatal: Pathspec '/home/lizon/laravel-app/bootstrap' is in submodule 'laravel-app'\n","exitCode":128,"gitErrorCode":"IsInSubmodule"}
[2021-09-04 11:59:44.050] [exthost] [error] {"message":"Git error","stdout":"","stderr":"fatal: Pathspec '/home/lizon/laravel-app/bootstrap' is in submodule 'laravel-app'\n","exitCode":128,"gitErrorCode":"IsInSubmodule"}
[2021-09-04 11:59:44.050] [exthost] [error] {"message":"Git error","stdout":"","stderr":"fatal: Pathspec '/home/lizon/laravel-app/bootstrap' is in submodule 'laravel-app'\n","exitCode":128,"gitErrorCode":"IsInSubmodule"}
[2021-09-04 11:59:44.050] [exthost] [error] {"message":"Git error","stdout":"","stderr":"fatal: Pathspec '/home/lizon/laravel-app/bootstrap' is in submodule 'laravel-app'\n","exitCode":128,"gitErrorCode":"IsInSubmodule"}
[2021-09-04 11:59:44.050] [exthost] [error] {"message":"Git error","stdout":"","stderr":"fatal: Pathspec '/home/lizon/laravel-app/bootstrap' is in submodule 'laravel-app'\n","exitCode":128,"gitErrorCode":"IsInSubmodule"}
[2021-09-04 11:59:44.050] [exthost] [error] {"message":"Git error","stdout":"","stderr":"fatal: Pathspec '/home/lizon/laravel-app/bootstrap' is in submodule 'laravel-app'\n","exitCode":128,"gitErrorCode":"IsInSubmodule"}
[2021-09-04 11:59:44.050] [exthost] [error] {"message":"Git error","stdout":"","stderr":"fatal: Pathspec '/home/lizon/laravel-app/bootstrap' is in submodule 'laravel-app'\n","exitCode":128,"gitErrorCode":"IsInSubmodule"}
[2021-09-04 11:59:48.610] [exthost] [warning] [Decorations] CAPPING events from decorations provider vscode.git 1535
[2021-09-04 11:59:53.677] [exthost] [warning] [Decorations] CAPPING events from decorations provider vscode.git 1535
[2021-09-04 11:59:59.266] [exthost] [warning] [Decorations] CAPPING events from decorations provider vscode.git 1535
[2021-09-04 12:00:04.334] [exthost] [warning] [Decorations] CAPPING events from decorations provider vscode.git 1535
[2021-09-04 12:00:09.400] [exthost] [warning] [Decorations] CAPPING events from decorations provider vscode.git 1535
[2021-09-04 12:00:14.458] [exthost] [warning] [Decorations] CAPPING events from decorations provider vscode.git 1535
[2021-09-04 12:00:19.516] [exthost] [warning] [Decorations] CAPPING events from decorations provider vscode.git 1535
[2021-09-04 12:00:27.058] [exthost] [warning] [Decorations] CAPPING events from decorations provider vscode.git 1535
[2021-09-04 12:00:38.967] [exthost] [warning] [Decorations] CAPPING events from decorations provider vscode.git 1535
[2021-09-04 12:00:44.027] [exthost] [warning] [Decorations] CAPPING events from decorations provider vscode.git 1535
[2021-09-04 12:00:49.085] [exthost] [warning] [Decorations] CAPPING events from decorations provider vscode.git 1535
[2021-09-04 12:00:54.144] [exthost] [warning] [Decorations] CAPPING events from decorations provider vscode.git 1516
[2021-09-04 12:00:59.205] [exthost] [warning] [Decorations] CAPPING events from decorations provider vscode.git 1516
[2021-09-04 12:01:05.088] [exthost] [warning] [Decorations] CAPPING events from decorations provider vscode.git 1516
[2021-09-04 12:01:10.154] [exthost] [warning] [Decorations] CAPPING events from decorations provider vscode.git 1516
[2021-09-04 12:01:26.177] [exthost] [warning] [Decorations] CAPPING events from decorations provider vscode.git 1516
[2021-09-04 12:01:31.245] [exthost] [warning] [Decorations] CAPPING events from decorations provider vscode.git 1516
[2021-09-04 12:01:38.327] [exthost] [warning] [Decorations] CAPPING events from decorations provider vscode.git 1516
[2021-09-04 12:01:43.384] [exthost] [warning] [Decorations] CAPPING events from decorations provider vscode.git 1516
[2021-09-04 12:01:50.453] [exthost] [warning] [Decorations] CAPPING events from decorations provider vscode.git 1516
[2021-09-04 12:01:55.514] [exthost] [warning] [Decorations] CAPPING events from decorations provider vscode.git 1516
[2021-09-04 12:02:00.573] [exthost] [warning] [Decorations] CAPPING events from decorations provider vscode.git 1516
[2021-09-04 12:02:05.635] [exthost] [warning] [Decorations] CAPPING events from decorations provider vscode.git 1516
[2021-09-04 12:02:10.703] [exthost] [warning] [Decorations] CAPPING events from decorations provider vscode.git 1516
[2021-09-04 12:02:49.439] [exthost] [warning] [Decorations] CAPPING events from decorations provider vscode.git 1516
[2021-09-04 12:02:54.495] [exthost] [warning] [Decorations] CAPPING events from decorations provider vscode.git 1516
[2021-09-04 12:02:59.553] [exthost] [warning] [Decorations] CAPPING events from decorations provider vscode.git 1516
[2021-09-04 12:03:04.611] [exthost] [warning] [Decorations] CAPPING events from decorations provider vscode.git 1516
[2021-09-04 12:03:09.673] [exthost] [warning] [Decorations] CAPPING events from decorations provider vscode.git 1516
[2021-09-04 12:03:14.735] [exthost] [warning] [Decorations] CAPPING events from decorations provider vscode.git 1516
[2021-09-04 12:03:20.294] [exthost] [warning] [Decorations] CAPPING events from decorations provider vscode.git 1516
[2021-09-04 12:03:25.353] [exthost] [warning] [Decorations] CAPPING events from decorations provider vscode.git 1516
[2021-09-04 12:03:30.415] [exthost] [warning] [Decorations] CAPPING events from decorations provider vscode.git 1516
[2021-09-04 12:03:35.480] [exthost] [warning] [Decorations] CAPPING events from decorations provider vscode.git 1516
[2021-09-04 12:03:40.546] [exthost] [warning] [Decorations] CAPPING events from decorations provider vscode.git 1516
[2021-09-04 12:03:45.610] [exthost] [warning] [Decorations] CAPPING events from decorations provider vscode.git 1516
[2021-09-04 12:04:09.744] [exthost] [warning] [Decorations] CAPPING events from decorations provider vscode.git 1516
[2021-09-04 12:04:14.806] [exthost] [warning] [Decorations] CAPPING events from decorations provider vscode.git 1517
[2021-09-04 12:04:19.869] [exthost] [warning] [Decorations] CAPPING events from decorations provider vscode.git 1517
[2021-09-04 12:04:24.935] [exthost] [warning] [Decorations] CAPPING events from decorations provider vscode.git 1517
[2021-09-04 12:04:30.005] [exthost] [warning] [Decorations] CAPPING events from decorations provider vscode.git 1517
[2021-09-04 12:04:35.076] [exthost] [warning] [Decorations] CAPPING events from decorations provider vscode.git 1517
[2021-09-04 12:04:40.140] [exthost] [warning] [Decorations] CAPPING events from decorations provider vscode.git 1517
[2021-09-04 12:04:56.458] [exthost] [warning] [Decorations] CAPPING events from decorations provider vscode.git 1517
[2021-09-04 12:05:01.508] [exthost] [warning] [Decorations] CAPPING events from decorations provider vscode.git 1517
[2021-09-05 20:45:01.571] [exthost] [warning] [Decorations] CAPPING events from decorations provider vscode.git 280
[2021-09-05 20:45:06.615] [exthost] [warning] [Decorations] CAPPING events from decorations provider vscode.git 280
[2021-09-05 20:45:11.658] [exthost] [warning] [Decorations] CAPPING events from decorations provider vscode.git 280
[2021-09-05 20:45:16.702] [exthost] [warning] [Decorations] CAPPING events from decorations provider vscode.git 280
[2021-09-05 20:45:21.747] [exthost] [warning] [Decorations] CAPPING events from decorations provider vscode.git 280
[2021-09-05 20:45:26.791] [exthost] [warning] [Decorations] CAPPING events from decorations provider vscode.git 280
[2021-09-05 20:45:31.835] [exthost] [warning] [Decorations] CAPPING events from decorations provider vscode.git 280
[2021-09-05 20:45:36.881] [exthost] [warning] [Decorations] CAPPING events from decorations provider vscode.git 280
[2021-09-05 20:45:41.930] [exthost] [warning] [Decorations] CAPPING events from decorations provider vscode.git 280
[2021-09-05 20:45:46.976] [exthost] [warning] [Decorations] CAPPING events from decorations provider vscode.git 281
[2021-09-05 20:56:04.137] [exthost] [warning] [Decorations] CAPPING events from decorations provider vscode.git 281
[2021-09-05 20:56:09.181] [exthost] [warning] [Decorations] CAPPING events from decorations provider vscode.git 281
[2021-09-05 20:56:14.225] [exthost] [warning] [Decorations] CAPPING events from decorations provider vscode.git 281
[2021-09-05 21:02:30.722] [exthost] [warning] [Decorations] CAPPING events from decorations provider vscode.git 281
[2021-09-05 21:02:35.769] [exthost] [warning] [Decorations] CAPPING events from decorations provider vscode.git 281
[2021-09-05 21:02:40.814] [exthost] [warning] [Decorations] CAPPING events from decorations provider vscode.git 281
[2021-09-05 21:02:45.860] [exthost] [warning] [Decorations] CAPPING events from decorations provider vscode.git 281
[2021-09-05 21:02:50.905] [exthost] [warning] [Decorations] CAPPING events from decorations provider vscode.git 281
[2021-09-05 21:02:55.949] [exthost] [warning] [Decorations] CAPPING events from decorations provider vscode.git 281
[2021-09-05 21:03:00.995] [exthost] [warning] [Decorations] CAPPING events from decorations provider vscode.git 281
[2021-09-05 21:03:06.046] [exthost] [warning] [Decorations] CAPPING events from decorations provider vscode.git 281
[2021-09-05 21:03:11.093] [exthost] [warning] [Decorations] CAPPING events from decorations provider vscode.git 281
[2021-09-05 21:03:16.139] [exthost] [warning] [Decorations] CAPPING events from decorations provider vscode.git 281
[2021-09-05 21:03:21.186] [exthost] [warning] [Decorations] CAPPING events from decorations provider vscode.git 281
[2021-09-05 21:03:26.232] [exthost] [warning] [Decorations] CAPPING events from decorations provider vscode.git 281
[2021-09-05 21:03:31.278] [exthost] [warning] [Decorations] CAPPING events from decorations provider vscode.git 281
[2021-09-05 21:03:36.327] [exthost] [warning] [Decorations] CAPPING events from decorations provider vscode.git 281
[2021-09-05 21:03:41.375] [exthost] [warning] [Decorations] CAPPING events from decorations provider vscode.git 281
[2021-09-05 21:03:46.422] [exthost] [warning] [Decorations] CAPPING events from decorations provider vscode.git 281
[2021-09-05 21:03:51.467] [exthost] [warning] [Decorations] CAPPING events from decorations provider vscode.git 281
[2021-09-05 21:03:56.515] [exthost] [warning] [Decorations] CAPPING events from decorations provider vscode.git 281
[2021-09-05 21:04:01.563] [exthost] [warning] [Decorations] CAPPING events from decorations provider vscode.git 281
[2021-09-05 21:04:06.612] [exthost] [warning] [Decorations] CAPPING events from decorations provider vscode.git 281
[2021-09-05 21:04:11.659] [exthost] [warning] [Decorations] CAPPING events from decorations provider vscode.git 281
[2021-09-05 21:04:16.705] [exthost] [warning] [Decorations] CAPPING events from decorations provider vscode.git 281
[2021-09-05 21:11:26.910] [exthost] [warning] [Decorations] CAPPING events from decorations provider vscode.git 281
[2021-09-05 21:11:31.957] [exthost] [warning] [Decorations] CAPPING events from decorations provider vscode.git 281
[2021-09-05 21:11:38.134] [exthost] [warning] [Decorations] CAPPING events from decorations provider vscode.git 281
[2021-09-05 21:11:43.182] [exthost] [warning] [Decorations] CAPPING events from decorations provider vscode.git 281
[2021-09-05 21:11:48.226] [exthost] [warning] [Decorations] CAPPING events from decorations provider vscode.git 281
[2021-09-05 21:11:53.273] [exthost] [warning] [Decorations] CAPPING events from decorations provider vscode.git 281
[2021-09-05 21:12:58.356] [exthost] [warning] [Decorations] CAPPING events from decorations provider vscode.git 281
[2021-09-05 21:13:03.402] [exthost] [warning] [Decorations] CAPPING events from decorations provider vscode.git 281
[2021-09-05 21:13:12.666] [exthost] [warning] [Decorations] CAPPING events from decorations provider vscode.git 281
[2021-09-05 21:13:17.710] [exthost] [warning] [Decorations] CAPPING events from decorations provider vscode.git 281
[2021-09-05 21:13:24.988] [exthost] [warning] [Decorations] CAPPING events from decorations provider vscode.git 281
[2021-09-05 21:13:30.036] [exthost] [warning] [Decorations] CAPPING events from decorations provider vscode.git 281
[2021-09-05 21:14:28.578] [exthost] [warning] [Decorations] CAPPING events from decorations provider vscode.git 281
[2021-09-05 21:14:33.624] [exthost] [warning] [Decorations] CAPPING events from decorations provider vscode.git 281
[2021-09-05 21:14:38.669] [exthost] [warning] [Decorations] CAPPING events from decorations provider vscode.git 281
[2021-09-05 21:14:43.715] [exthost] [warning] [Decorations] CAPPING events from decorations provider vscode.git 281
[2021-09-05 21:14:48.760] [exthost] [warning] [Decorations] CAPPING events from decorations provider vscode.git 281
[2021-09-05 21:14:53.809] [exthost] [warning] [Decorations] CAPPING events from decorations provider vscode.git 281
[2021-09-05 21:14:58.854] [exthost] [warning] [Decorations] CAPPING events from decorations provider vscode.git 281
[2021-09-05 21:15:03.899] [exthost] [warning] [Decorations] CAPPING events from decorations provider vscode.git 281
[2021-09-05 21:15:08.948] [exthost] [warning] [Decorations] CAPPING events from decorations provider vscode.git 281
[2021-09-05 21:15:13.994] [exthost] [warning] [Decorations] CAPPING events from decorations provider vscode.git 281
[2021-09-05 21:15:19.044] [exthost] [warning] [Decorations] CAPPING events from decorations provider vscode.git 281
[2021-09-05 21:15:24.093] [exthost] [warning] [Decorations] CAPPING events from decorations provider vscode.git 281
[2021-09-05 21:15:29.142] [exthost] [warning] [Decorations] CAPPING events from decorations provider vscode.git 281
[2021-09-05 21:15:34.188] [exthost] [warning] [Decorations] CAPPING events from decorations provider vscode.git 281
[2021-09-05 21:15:58.508] [exthost] [warning] [Decorations] CAPPING events from decorations provider vscode.git 281
[2021-09-05 21:16:03.553] [exthost] [warning] [Decorations] CAPPING events from decorations provider vscode.git 281
[2021-09-05 21:16:08.596] [exthost] [warning] [Decorations] CAPPING events from decorations provider vscode.git 281
[2021-09-05 21:16:13.638] [exthost] [warning] [Decorations] CAPPING events from decorations provider vscode.git 281
[2021-09-05 21:16:18.684] [exthost] [warning] [Decorations] CAPPING events from decorations provider vscode.git 281
[2021-09-05 21:16:29.953] [exthost] [warning] [Decorations] CAPPING events from decorations provider vscode.git 281
[2021-09-05 21:16:34.998] [exthost] [warning] [Decorations] CAPPING events from decorations provider vscode.git 281
[2021-09-05 21:16:50.323] [exthost] [warning] [Decorations] CAPPING events from decorations provider vscode.git 281
[2021-09-05 21:16:55.371] [exthost] [warning] [Decorations] CAPPING events from decorations provider vscode.git 281
[2021-09-05 21:17:00.418] [exthost] [warning] [Decorations] CAPPING events from decorations provider vscode.git 281
[2021-09-05 21:17:05.462] [exthost] [warning] [Decorations] CAPPING events from decorations provider vscode.git 281
[2021-09-05 21:17:13.369] [exthost] [warning] [Decorations] CAPPING events from decorations provider vscode.git 281
[2021-09-05 21:17:18.417] [exthost] [warning] [Decorations] CAPPING events from decorations provider vscode.git 281
[2021-09-05 21:17:30.005] [exthost] [warning] [Decorations] CAPPING events from decorations provider vscode.git 281
[2021-09-05 21:17:35.052] [exthost] [warning] [Decorations] CAPPING events from decorations provider vscode.git 281
[2021-09-05 21:17:40.098] [exthost] [warning] [Decorations] CAPPING events from decorations provider vscode.git 281
[2021-09-05 21:17:45.144] [exthost] [warning] [Decorations] CAPPING events from decorations provider vscode.git 281
[2021-09-05 21:17:50.193] [exthost] [warning] [Decorations] CAPPING events from decorations provider vscode.git 281
[2021-09-05 21:17:55.240] [exthost] [warning] [Decorations] CAPPING events from decorations provider vscode.git 281
[2021-09-05 21:18:00.288] [exthost] [warning] [Decorations] CAPPING events from decorations provider vscode.git 281
[2021-09-05 21:18:05.334] [exthost] [warning] [Decorations] CAPPING events from decorations provider vscode.git 281
[2021-09-05 21:18:12.834] [exthost] [warning] [Decorations] CAPPING events from decorations provider vscode.git 281
[2021-09-05 21:18:17.877] [exthost] [warning] [Decorations] CAPPING events from decorations provider vscode.git 281
[2021-09-05 21:18:34.356] [exthost] [warning] [Decorations] CAPPING events from decorations provider vscode.git 281
[2021-09-05 21:18:39.400] [exthost] [warning] [Decorations] CAPPING events from decorations provider vscode.git 281
[2021-09-05 21:18:44.447] [exthost] [warning] [Decorations] CAPPING events from decorations provider vscode.git 281
[2021-09-05 21:19:29.580] [exthost] [warning] [Decorations] CAPPING events from decorations provider vscode.git 281
[2021-09-05 21:19:34.624] [exthost] [warning] [Decorations] CAPPING events from decorations provider vscode.git 281
[2021-09-05 21:19:52.723] [exthost] [warning] [Decorations] CAPPING events from decorations provider vscode.git 281
[2021-09-05 21:19:57.768] [exthost] [warning] [Decorations] CAPPING events from decorations provider vscode.git 281
[2021-09-05 21:20:02.811] [exthost] [warning] [Decorations] CAPPING events from decorations provider vscode.git 281
[2021-09-05 21:20:07.855] [exthost] [warning] [Decorations] CAPPING events from decorations provider vscode.git 281
[2021-09-05 21:20:12.898] [exthost] [warning] [Decorations] CAPPING events from decorations provider vscode.git 281
[2021-09-05 21:20:27.435] [exthost] [warning] [Decorations] CAPPING events from decorations provider vscode.git 281
[2021-09-05 21:20:32.481] [exthost] [warning] [Decorations] CAPPING events from decorations provider vscode.git 282
[2021-09-05 21:21:01.034] [exthost] [warning] [Decorations] CAPPING events from decorations provider vscode.git 282
[2021-09-05 21:21:06.079] [exthost] [warning] [Decorations] CAPPING events from decorations provider vscode.git 282
[2021-09-05 21:21:11.126] [exthost] [warning] [Decorations] CAPPING events from decorations provider vscode.git 282
[2021-09-05 21:21:16.170] [exthost] [warning] [Decorations] CAPPING events from decorations provider vscode.git 282
[2021-09-05 21:21:23.683] [exthost] [warning] [Decorations] CAPPING events from decorations provider vscode.git 282
[2021-09-05 21:21:28.736] [exthost] [warning] [Decorations] CAPPING events from decorations provider vscode.git 282
[2021-09-05 21:21:43.424] [exthost] [warning] [Decorations] CAPPING events from decorations provider vscode.git 282
[2021-09-05 21:21:48.472] [exthost] [warning] [Decorations] CAPPING events from decorations provider vscode.git 282
[2021-09-05 21:21:53.516] [exthost] [warning] [Decorations] CAPPING events from decorations provider vscode.git 282
[2021-09-05 21:21:58.561] [exthost] [warning] [Decorations] CAPPING events from decorations provider vscode.git 282
[2021-09-05 21:22:22.150] [exthost] [warning] [Decorations] CAPPING events from decorations provider vscode.git 282
[2021-09-05 21:22:27.197] [exthost] [warning] [Decorations] CAPPING events from decorations provider vscode.git 282
[2021-09-05 21:22:32.243] [exthost] [warning] [Decorations] CAPPING events from decorations provider vscode.git 282
[2021-09-05 21:23:05.511] [exthost] [warning] [Decorations] CAPPING events from decorations provider vscode.git 282
[2021-09-05 21:23:10.557] [exthost] [warning] [Decorations] CAPPING events from decorations provider vscode.git 282
[2021-09-05 21:23:21.512] [exthost] [warning] [Decorations] CAPPING events from decorations provider vscode.git 282
[2021-09-05 21:23:26.557] [exthost] [warning] [Decorations] CAPPING events from decorations provider vscode.git 282
[2021-09-05 21:23:31.600] [exthost] [warning] [Decorations] CAPPING events from decorations provider vscode.git 282
[2021-09-05 21:23:36.645] [exthost] [warning] [Decorations] CAPPING events from decorations provider vscode.git 282
[2021-09-05 21:24:44.242] [exthost] [warning] [Decorations] CAPPING events from decorations provider vscode.git 282
[2021-09-05 21:24:49.289] [exthost] [warning] [Decorations] CAPPING events from decorations provider vscode.git 282
[2021-09-05 21:24:54.335] [exthost] [warning] [Decorations] CAPPING events from decorations provider vscode.git 282
[2021-09-05 21:24:59.378] [exthost] [warning] [Decorations] CAPPING events from decorations provider vscode.git 282
[2021-09-05 21:25:04.425] [exthost] [warning] [Decorations] CAPPING events from decorations provider vscode.git 282
[2021-09-05 21:25:09.472] [exthost] [warning] [Decorations] CAPPING events from decorations provider vscode.git 282
[2021-09-05 21:25:14.523] [exthost] [warning] [Decorations] CAPPING events from decorations provider vscode.git 282
[2021-09-05 21:25:19.569] [exthost] [warning] [Decorations] CAPPING events from decorations provider vscode.git 282
[2021-09-05 21:25:24.613] [exthost] [warning] [Decorations] CAPPING events from decorations provider vscode.git 282
[2021-09-05 21:25:29.660] [exthost] [warning] [Decorations] CAPPING events from decorations provider vscode.git 282
[2021-09-05 21:25:34.706] [exthost] [warning] [Decorations] CAPPING events from decorations provider vscode.git 282
[2021-09-05 21:25:39.755] [exthost] [warning] [Decorations] CAPPING events from decorations provider vscode.git 282
[2021-09-05 21:26:25.601] [exthost] [warning] [Decorations] CAPPING events from decorations provider vscode.git 282
[2021-09-05 21:26:30.649] [exthost] [warning] [Decorations] CAPPING events from decorations provider vscode.git 282
[2021-09-05 21:26:39.966] [exthost] [warning] [Decorations] CAPPING events from decorations provider vscode.git 282
[2021-09-05 21:26:45.012] [exthost] [warning] [Decorations] CAPPING events from decorations provider vscode.git 282
[2021-09-05 21:26:50.056] [exthost] [warning] [Decorations] CAPPING events from decorations provider vscode.git 282
[2021-09-05 21:26:55.102] [exthost] [warning] [Decorations] CAPPING events from decorations provider vscode.git 282
[2021-09-05 21:27:00.147] [exthost] [warning] [Decorations] CAPPING events from decorations provider vscode.git 282
[2021-09-05 21:27:05.192] [exthost] [warning] [Decorations] CAPPING events from decorations provider vscode.git 282
[2021-09-05 21:27:20.567] [exthost] [warning] [Decorations] CAPPING events from decorations provider vscode.git 282
[2021-09-05 21:27:35.118] [exthost] [warning] [Decorations] CAPPING events from decorations provider vscode.git 282
[2021-09-05 21:27:40.166] [exthost] [warning] [Decorations] CAPPING events from decorations provider vscode.git 283
[2021-09-05 21:27:45.214] [exthost] [warning] [Decorations] CAPPING events from decorations provider vscode.git 283
[2021-09-05 21:27:51.275] [exthost] [warning] [Decorations] CAPPING events from decorations provider vscode.git 283
[2021-09-05 21:27:56.323] [exthost] [warning] [Decorations] CAPPING events from decorations provider vscode.git 283
[2021-09-05 21:28:02.029] [exthost] [warning] [Decorations] CAPPING events from decorations provider vscode.git 284
[2021-09-05 21:28:07.077] [exthost] [warning] [Decorations] CAPPING events from decorations provider vscode.git 284
[2021-09-05 21:28:12.125] [exthost] [warning] [Decorations] CAPPING events from decorations provider vscode.git 284
[2021-09-05 21:28:17.172] [exthost] [warning] [Decorations] CAPPING events from decorations provider vscode.git 284
[2021-09-05 21:28:22.217] [exthost] [warning] [Decorations] CAPPING events from decorations provider vscode.git 284
[2021-09-05 21:28:27.261] [exthost] [warning] [Decorations] CAPPING events from decorations provider vscode.git 284
[2021-09-05 21:28:32.307] [exthost] [warning] [Decorations] CAPPING events from decorations provider vscode.git 284
[2021-09-05 21:28:37.355] [exthost] [warning] [Decorations] CAPPING events from decorations provider vscode.git 284
[2021-09-05 21:28:42.402] [exthost] [warning] [Decorations] CAPPING events from decorations provider vscode.git 284
[2021-09-05 21:28:47.451] [exthost] [warning] [Decorations] CAPPING events from decorations provider vscode.git 284
[2021-09-05 21:28:52.498] [exthost] [warning] [Decorations] CAPPING events from decorations provider vscode.git 284
[2021-09-05 21:28:57.549] [exthost] [warning] [Decorations] CAPPING events from decorations provider vscode.git 284
[2021-09-05 21:29:02.596] [exthost] [warning] [Decorations] CAPPING events from decorations provider vscode.git 284
[2021-09-05 21:29:07.644] [exthost] [warning] [Decorations] CAPPING events from decorations provider vscode.git 284
[2021-09-05 21:29:12.693] [exthost] [warning] [Decorations] CAPPING events from decorations provider vscode.git 284
[2021-09-05 21:29:17.744] [exthost] [warning] [Decorations] CAPPING events from decorations provider vscode.git 284
[2021-09-05 21:29:22.795] [exthost] [warning] [Decorations] CAPPING events from decorations provider vscode.git 284
[2021-09-05 21:29:27.844] [exthost] [warning] [Decorations] CAPPING events from decorations provider vscode.git 284
[2021-09-05 21:29:32.892] [exthost] [warning] [Decorations] CAPPING events from decorations provider vscode.git 284
[2021-09-05 21:29:37.943] [exthost] [warning] [Decorations] CAPPING events from decorations provider vscode.git 284
[2021-09-05 21:29:42.990] [exthost] [warning] [Decorations] CAPPING events from decorations provider vscode.git 284
[2021-09-05 21:30:12.264] [exthost] [warning] [Decorations] CAPPING events from decorations provider vscode.git 284
[2021-09-05 21:30:17.310] [exthost] [warning] [Decorations] CAPPING events from decorations provider vscode.git 284
[2021-09-05 21:30:24.102] [exthost] [warning] [Decorations] CAPPING events from decorations provider vscode.git 284
[2021-09-05 21:30:34.694] [exthost] [warning] [Decorations] CAPPING events from decorations provider vscode.git 284
[2021-09-05 21:30:39.743] [exthost] [warning] [Decorations] CAPPING events from decorations provider vscode.git 284
[2021-09-05 21:30:49.286] [exthost] [warning] [Decorations] CAPPING events from decorations provider vscode.git 284
[2021-09-05 21:30:54.330] [exthost] [warning] [Decorations] CAPPING events from decorations provider vscode.git 284
[2021-09-05 21:31:31.186] [exthost] [warning] [Decorations] CAPPING events from decorations provider vscode.git 284
[2021-09-05 21:31:36.236] [exthost] [warning] [Decorations] CAPPING events from decorations provider vscode.git 284
[2021-09-05 21:32:02.557] [exthost] [warning] [Decorations] CAPPING events from decorations provider vscode.git 284
[2021-09-05 21:32:07.605] [exthost] [warning] [Decorations] CAPPING events from decorations provider vscode.git 284
[2021-09-05 21:32:12.650] [exthost] [warning] [Decorations] CAPPING events from decorations provider vscode.git 284
[2021-09-05 21:32:17.702] [exthost] [warning] [Decorations] CAPPING events from decorations provider vscode.git 284
[2021-09-05 21:32:22.750] [exthost] [warning] [Decorations] CAPPING events from decorations provider vscode.git 284
[2021-09-05 21:33:14.153] [exthost] [warning] [Decorations] CAPPING events from decorations provider vscode.git 284
[2021-09-05 21:33:19.198] [exthost] [warning] [Decorations] CAPPING events from decorations provider vscode.git 284
[2021-09-05 21:33:24.245] [exthost] [warning] [Decorations] CAPPING events from decorations provider vscode.git 284
[2021-09-05 21:33:29.291] [exthost] [warning] [Decorations] CAPPING events from decorations provider vscode.git 284
[2021-09-05 21:33:34.337] [exthost] [warning] [Decorations] CAPPING events from decorations provider vscode.git 284
[2021-09-05 21:33:46.420] [exthost] [warning] [Decorations] CAPPING events from decorations provider vscode.git 284
[2021-09-05 21:33:51.467] [exthost] [warning] [Decorations] CAPPING events from decorations provider vscode.git 284
[2021-09-05 21:33:57.610] [exthost] [warning] [Decorations] CAPPING events from decorations provider vscode.git 284
[2021-09-05 21:34:02.656] [exthost] [warning] [Decorations] CAPPING events from decorations provider vscode.git 284
[2021-09-05 21:34:07.700] [exthost] [warning] [Decorations] CAPPING events from decorations provider vscode.git 284
[2021-09-05 21:34:12.746] [exthost] [warning] [Decorations] CAPPING events from decorations provider vscode.git 284
[2021-09-05 21:34:17.791] [exthost] [warning] [Decorations] CAPPING events from decorations provider vscode.git 284
[2021-09-05 21:34:28.249] [exthost] [warning] [Decorations] CAPPING events from decorations provider vscode.git 284
[2021-09-05 21:34:33.299] [exthost] [warning] [Decorations] CAPPING events from decorations provider vscode.git 284
[2021-09-05 21:34:38.345] [exthost] [warning] [Decorations] CAPPING events from decorations provider vscode.git 284
[2021-09-05 21:34:49.959] [exthost] [warning] [Decorations] CAPPING events from decorations provider vscode.git 284
[2021-09-05 21:35:38.052] [exthost] [warning] [Decorations] CAPPING events from decorations provider vscode.git 284
[2021-09-05 21:35:43.100] [exthost] [warning] [Decorations] CAPPING events from decorations provider vscode.git 284
[2021-09-05 21:35:48.146] [exthost] [warning] [Decorations] CAPPING events from decorations provider vscode.git 284
[2021-09-05 21:35:54.684] [exthost] [warning] [Decorations] CAPPING events from decorations provider vscode.git 284
[2021-09-05 21:35:59.734] [exthost] [warning] [Decorations] CAPPING events from decorations provider vscode.git 284
[2021-09-05 21:36:04.780] [exthost] [warning] [Decorations] CAPPING events from decorations provider vscode.git 284
[2021-09-05 21:36:20.914] [exthost] [warning] [Decorations] CAPPING events from decorations provider vscode.git 284
[2021-09-05 21:36:25.959] [exthost] [warning] [Decorations] CAPPING events from decorations provider vscode.git 284
[2021-09-05 21:36:34.880] [exthost] [warning] [Decorations] CAPPING events from decorations provider vscode.git 284
[2021-09-05 21:36:39.926] [exthost] [warning] [Decorations] CAPPING events from decorations provider vscode.git 284
[2021-09-05 21:36:45.713] [exthost] [warning] [Decorations] CAPPING events from decorations provider vscode.git 284
[2021-09-05 21:36:50.757] [exthost] [warning] [Decorations] CAPPING events from decorations provider vscode.git 284
[2021-09-05 21:37:07.997] [exthost] [warning] [Decorations] CAPPING events from decorations provider vscode.git 284
[2021-09-05 21:37:13.042] [exthost] [warning] [Decorations] CAPPING events from decorations provider vscode.git 284
[2021-09-05 21:37:18.089] [exthost] [warning] [Decorations] CAPPING events from decorations provider vscode.git 284
[2021-09-05 21:37:23.137] [exthost] [warning] [Decorations] CAPPING events from decorations provider vscode.git 284
[2021-09-05 21:37:28.182] [exthost] [warning] [Decorations] CAPPING events from decorations provider vscode.git 284
[2021-09-05 21:37:53.263] [exthost] [warning] [Decorations] CAPPING events from decorations provider vscode.git 284
[2021-09-05 21:37:58.312] [exthost] [warning] [Decorations] CAPPING events from decorations provider vscode.git 284
[2021-09-05 21:38:03.357] [exthost] [warning] [Decorations] CAPPING events from decorations provider vscode.git 284
[2021-09-05 21:38:08.402] [exthost] [warning] [Decorations] CAPPING events from decorations provider vscode.git 284
[2021-09-05 21:38:13.447] [exthost] [warning] [Decorations] CAPPING events from decorations provider vscode.git 284
[2021-09-05 21:39:13.236] [exthost] [warning] [Decorations] CAPPING events from decorations provider vscode.git 284
[2021-09-05 21:39:15.914] [exthost] [info] extension host terminating: received terminate message from renderer
[2021-09-05 21:39:15.914] [exthost] [info] Lock '/home/lizon/.vscode-server/data/User/workspaceStorage/daf6f274ccc582e147915d7877d74ae9/vscode.lock': Marking the lockfile as scheduled to be released in 6000 ms.
[2021-09-05 21:39:16.924] [exthost] [info] exiting with code 0
