[Info  - 4:40:07 PM] Initialising intelephense 1.7.1
[Info  - 4:40:07 PM] Reading state from /home/lizon/.vscode-server/data/User/workspaceStorage/daf6f274ccc582e147915d7877d74ae9/bmewburn.vscode-intelephense-client/1d401cc.
[Info  - 4:40:08 PM] Initialised in 933 ms
[Warn  - 4:40:09 PM] file:///home/lizon/example-app/vendor/fakerphp/faker/src/Faker/Provider/nl_BE/Text.php is over the maximum file size of 1000000 bytes.
[Info  - 4:40:09 PM] Indexing started.
[Info  - 4:40:09 PM] Indexing ended. 2 files indexed in 0s.
[Info  - 4:40:09 PM] Writing state to /home/lizon/.vscode-server/data/User/workspaceStorage/daf6f274ccc582e147915d7877d74ae9/bmewburn.vscode-intelephense-client/1d401cc.
[Info  - 4:40:09 PM] Wrote state in 0.7s.
[Info  - 4:46:14 PM] Indexing started.
[Info  - 4:46:15 PM] Indexing ended. 1 files indexed in 0s.
[Info  - 4:46:17 PM] Indexing started.
[Info  - 4:46:17 PM] Indexing ended. 5 files indexed in 0s.
[Info  - 4:52:43 PM] Indexing started.
[Info  - 4:52:43 PM] Indexing ended. 2 files indexed in 0s.
[Info  - 4:57:03 PM] Indexing started.
[Info  - 4:57:04 PM] Indexing ended. 1 files indexed in 0s.
[Info  - 4:57:10 PM] Indexing started.
[Info  - 4:57:10 PM] Indexing ended. 1 files indexed in 0s.
[Info  - 4:57:11 PM] Indexing started.
[Info  - 4:57:11 PM] Indexing ended. 2 files indexed in 0s.
[Info  - 4:57:22 PM] Indexing started.
[Info  - 4:57:22 PM] Indexing ended. 1 files indexed in 0s.
[Info  - 4:57:29 PM] Indexing started.
[Info  - 4:57:29 PM] Indexing ended. 1 files indexed in 0s.
[Info  - 4:57:40 PM] Indexing started.
[Info  - 4:57:40 PM] Indexing ended. 1 files indexed in 0s.
[Info  - 4:57:41 PM] Indexing started.
[Info  - 4:57:41 PM] Indexing ended. 3 files indexed in 0s.
[Info  - 4:57:51 PM] Indexing started.
[Info  - 4:57:51 PM] Indexing ended. 1 files indexed in 0s.
[Info  - 4:57:52 PM] Indexing started.
[Info  - 4:57:52 PM] Indexing ended. 3 files indexed in 0s.
[Info  - 5:05:04 PM] Indexing started.
[Info  - 5:05:04 PM] Indexing ended. 1 files indexed in 0s.
[Info  - 5:05:21 PM] Indexing started.
[Info  - 5:05:21 PM] Indexing ended. 1 files indexed in 0s.
[Info  - 5:05:21 PM] Indexing started.
[Info  - 5:05:22 PM] Indexing ended. 3 files indexed in 0s.
[Info  - 5:10:04 PM] Indexing started.
[Info  - 5:10:04 PM] Indexing ended. 1 files indexed in 0s.
[Info  - 5:13:56 PM] Indexing started.
[Info  - 5:13:56 PM] Indexing ended. 1 files indexed in 0s.
[Info  - 5:13:59 PM] Indexing started.
[Info  - 5:13:59 PM] Indexing ended. 1 files indexed in 0s.
[Info  - 5:14:44 PM] Indexing started.
[Info  - 5:14:44 PM] Indexing ended. 1 files indexed in 0s.
[Info  - 5:14:44 PM] Indexing started.
[Info  - 5:14:45 PM] Indexing ended. 2 files indexed in 0s.
[Info  - 5:22:42 PM] Indexing started.
[Info  - 5:22:42 PM] Indexing ended. 1 files indexed in 0s.
[Info  - 5:27:32 PM] Indexing started.
[Info  - 5:27:32 PM] Indexing ended. 1 files indexed in 0s.
[Info  - 5:27:40 PM] Indexing started.
[Info  - 5:27:40 PM] Indexing ended. 1 files indexed in 0s.
[Info  - 5:27:44 PM] Indexing started.
[Info  - 5:27:44 PM] Indexing ended. 2 files indexed in 0s.
[Info  - 5:28:56 PM] Indexing started.
[Info  - 5:28:56 PM] Indexing ended. 1 files indexed in 0s.
[Info  - 5:28:57 PM] Indexing started.
[Info  - 5:28:57 PM] Indexing ended. 3 files indexed in 0s.
[Info  - 5:42:47 PM] Indexing started.
[Info  - 5:42:47 PM] Indexing ended. 2 files indexed in 0s.
[Info  - 5:42:49 PM] Indexing started.
[Info  - 5:42:49 PM] Indexing ended. 1 files indexed in 0s.
[Info  - 5:42:49 PM] Indexing started.
[Info  - 5:42:50 PM] Indexing ended. 3 files indexed in 0s.
[Info  - 6:10:22 PM] Indexing started.
[Info  - 6:10:22 PM] Indexing ended. 1 files indexed in 0s.
[Info  - 6:17:18 PM] Indexing started.
[Info  - 6:17:18 PM] Indexing ended. 1 files indexed in 0s.
[Info  - 6:17:18 PM] Indexing started.
[Info  - 6:17:19 PM] Indexing ended. 2 files indexed in 0s.
[Info  - 6:31:26 PM] Indexing started.
[Info  - 6:31:26 PM] Indexing ended. 1 files indexed in 0s.
[Info  - 6:32:01 PM] Indexing started.
[Info  - 6:32:01 PM] Indexing ended. 1 files indexed in 0s.
