[Info  - 7:08:37 PM] Initialising intelephense 1.7.1
[Info  - 7:08:37 PM] Reading state from /home/lizon/.vscode-server/data/User/workspaceStorage/daf6f274ccc582e147915d7877d74ae9/bmewburn.vscode-intelephense-client/1d401cc.
[Info  - 7:08:38 PM] Initialised in 1015 ms
[Warn  - 7:08:39 PM] file:///home/lizon/example-app/vendor/fakerphp/faker/src/Faker/Provider/nl_BE/Text.php is over the maximum file size of 1000000 bytes.
[Info  - 7:08:39 PM] Indexing started.
[Info  - 7:08:39 PM] Indexing ended. 2 files indexed in 0s.
[Info  - 7:08:39 PM] Writing state to /home/lizon/.vscode-server/data/User/workspaceStorage/daf6f274ccc582e147915d7877d74ae9/bmewburn.vscode-intelephense-client/1d401cc.
[Info  - 7:08:40 PM] Wrote state in 0.8s.
[Info  - 7:11:25 PM] Indexing started.
[Info  - 7:11:25 PM] Indexing ended. 1 files indexed in 0s.
[Info  - 7:11:30 PM] Indexing started.
[Info  - 7:11:30 PM] Indexing ended. 1 files indexed in 0s.
[Info  - 7:21:26 PM] Indexing started.
[Info  - 7:21:26 PM] Indexing ended. 1 files indexed in 0s.
[Info  - 7:22:58 PM] Indexing started.
[Info  - 7:22:58 PM] Indexing ended. 2 files indexed in 0s.
[Info  - 7:38:53 PM] Indexing started.
[Info  - 7:38:53 PM] Indexing ended. 1 files indexed in 0s.
[Info  - 7:56:51 PM] Indexing started.
[Info  - 7:56:51 PM] Indexing ended. 1 files indexed in 0s.
[Info  - 7:56:54 PM] Indexing started.
[Info  - 7:56:54 PM] Indexing ended. 5 files indexed in 0s.
[Info  - 8:09:55 PM] Indexing started.
[Info  - 8:09:56 PM] Indexing ended. 1 files indexed in 0s.
[Info  - 8:13:36 PM] Indexing started.
[Info  - 8:13:36 PM] Indexing ended. 1 files indexed in 0s.
