[Info  - 5:43:03 PM] Initialising intelephense 1.7.1
[Info  - 5:43:03 PM] Reading state from /home/lizon/.vscode-server/data/User/workspaceStorage/daf6f274ccc582e147915d7877d74ae9/bmewburn.vscode-intelephense-client/1d401cc.
[Info  - 5:43:04 PM] Initialised in 941 ms
[Warn  - 5:43:05 PM] file:///home/lizon/example-app/vendor/fakerphp/faker/src/Faker/Provider/nl_BE/Text.php is over the maximum file size of 1000000 bytes.
[Info  - 5:43:05 PM] Indexing started.
[Info  - 5:43:05 PM] Indexing ended. 1 files indexed in 0s.
[Info  - 5:43:05 PM] Writing state to /home/lizon/.vscode-server/data/User/workspaceStorage/daf6f274ccc582e147915d7877d74ae9/bmewburn.vscode-intelephense-client/1d401cc.
[Info  - 5:43:06 PM] Wrote state in 0.7s.
[Info  - 6:10:22 PM] Indexing started.
[Info  - 6:10:22 PM] Indexing ended. 1 files indexed in 0s.
[Info  - 6:12:24 PM] Indexing started.
[Info  - 6:12:24 PM] Indexing ended. 1 files indexed in 0s.
[Info  - 6:22:03 PM] Indexing started.
[Info  - 6:22:03 PM] Indexing ended. 1 files indexed in 0s.
[Info  - 6:26:46 PM] Indexing started.
[Info  - 6:26:47 PM] Indexing ended. 1 files indexed in 0s.
[Info  - 6:43:08 PM] Indexing started.
[Info  - 6:43:09 PM] Indexing ended. 1 files indexed in 0s.
[Info  - 6:43:11 PM] Indexing started.
[Info  - 6:43:11 PM] Indexing ended. 4 files indexed in 0s.
[Info  - 6:58:49 PM] Indexing started.
[Info  - 6:58:50 PM] Indexing ended. 1 files indexed in 0s.
[Info  - 7:08:39 PM] Indexing started.
[Info  - 7:08:39 PM] Indexing ended. 1 files indexed in 0s.
[Info  - 7:21:45 PM] Indexing started.
[Info  - 7:21:45 PM] Indexing ended. 1 files indexed in 0s.
[Info  - 7:37:51 PM] Indexing started.
[Info  - 7:37:51 PM] Indexing ended. 1 files indexed in 0s.
[Info  - 7:59:58 PM] Indexing started.
[Info  - 7:59:58 PM] Indexing ended. 1 files indexed in 0s.
[Info  - 8:06:53 PM] Indexing started.
[Info  - 8:06:53 PM] Indexing ended. 1 files indexed in 0s.
[Info  - 8:08:14 PM] Indexing started.
[Info  - 8:08:14 PM] Indexing ended. 1 files indexed in 0s.
[Info  - 8:08:40 PM] Indexing started.
[Info  - 8:08:40 PM] Indexing ended. 1 files indexed in 0s.
[Info  - 8:10:09 PM] Indexing started.
[Info  - 8:10:09 PM] Indexing ended. 1 files indexed in 0s.
[Info  - 8:12:12 PM] Indexing started.
[Info  - 8:12:12 PM] Indexing ended. 1 files indexed in 0s.
[Info  - 8:12:37 PM] Indexing started.
[Info  - 8:12:37 PM] Indexing ended. 1 files indexed in 0s.
[Info  - 8:14:31 PM] Indexing started.
[Info  - 8:14:31 PM] Indexing ended. 1 files indexed in 0s.
[Info  - 8:15:02 PM] Indexing started.
[Info  - 8:15:02 PM] Indexing ended. 1 files indexed in 0s.
[Info  - 8:21:00 PM] Indexing started.
[Info  - 8:21:00 PM] Indexing ended. 1 files indexed in 0s.
[Info  - 8:23:40 PM] Indexing started.
[Info  - 8:23:40 PM] Indexing ended. 1 files indexed in 0s.
[Info  - 8:24:53 PM] Indexing started.
[Info  - 8:24:53 PM] Indexing ended. 1 files indexed in 0s.
[Info  - 8:25:51 PM] Indexing started.
[Info  - 8:25:51 PM] Indexing ended. 1 files indexed in 0s.
[Info  - 8:26:17 PM] Indexing started.
[Info  - 8:26:17 PM] Indexing ended. 1 files indexed in 0s.
