[Info  - 1:12:44 PM] Initialising intelephense 1.7.1
[Info  - 1:12:44 PM] Reading state from /home/lizon/.vscode-server/data/User/workspaceStorage/daf6f274ccc582e147915d7877d74ae9/bmewburn.vscode-intelephense-client/1d401cc.
[Info  - 1:12:45 PM] Initialised in 925 ms
[Warn  - 1:12:46 PM] file:///home/lizon/example-app/vendor/fakerphp/faker/src/Faker/Provider/nl_BE/Text.php is over the maximum file size of 1000000 bytes.
[Info  - 1:12:46 PM] Indexing started.
[Info  - 1:12:46 PM] Indexing ended. 6 files indexed in 0s.
[Info  - 1:12:46 PM] Writing state to /home/lizon/.vscode-server/data/User/workspaceStorage/daf6f274ccc582e147915d7877d74ae9/bmewburn.vscode-intelephense-client/1d401cc.
[Info  - 1:12:47 PM] Wrote state in 0.8s.
[Info  - 1:14:18 PM] Indexing started.
[Info  - 1:14:18 PM] Indexing ended. 1 files indexed in 0s.
[Info  - 1:35:40 PM] Indexing started.
[Info  - 1:35:40 PM] Indexing ended. 1 files indexed in 0s.
[Info  - 1:36:19 PM] Indexing started.
[Info  - 1:36:19 PM] Indexing ended. 1 files indexed in 0s.
[Info  - 1:43:29 PM] Indexing started.
[Info  - 1:43:29 PM] Indexing ended. 1 files indexed in 0s.
[Info  - 1:44:03 PM] Indexing started.
[Info  - 1:44:04 PM] Indexing ended. 1 files indexed in 0s.
[Info  - 1:45:22 PM] Indexing started.
[Info  - 1:45:22 PM] Indexing ended. 1 files indexed in 0s.
[Info  - 1:46:25 PM] Indexing started.
[Info  - 1:46:25 PM] Indexing ended. 1 files indexed in 0s.
[Info  - 1:50:48 PM] Indexing started.
[Info  - 1:50:48 PM] Indexing ended. 1 files indexed in 0s.
[Info  - 1:51:03 PM] Indexing started.
[Info  - 1:51:03 PM] Indexing ended. 1 files indexed in 0s.
[Info  - 1:51:24 PM] Indexing started.
[Info  - 1:51:24 PM] Indexing ended. 1 files indexed in 0s.
[Info  - 1:53:04 PM] Indexing started.
[Info  - 1:53:05 PM] Indexing ended. 1 files indexed in 0s.
[Info  - 1:54:52 PM] Indexing started.
[Info  - 1:54:52 PM] Indexing ended. 1 files indexed in 0s.
[Info  - 1:55:19 PM] Indexing started.
[Info  - 1:55:19 PM] Indexing ended. 1 files indexed in 0s.
[Info  - 1:57:34 PM] Indexing started.
[Info  - 1:57:34 PM] Indexing ended. 1 files indexed in 0s.
[Info  - 1:57:56 PM] Indexing started.
[Info  - 1:57:56 PM] Indexing ended. 1 files indexed in 0s.
[Info  - 2:04:02 PM] Indexing started.
[Info  - 2:04:03 PM] Indexing ended. 1 files indexed in 0s.
[Info  - 2:09:59 PM] Indexing started.
[Info  - 2:09:59 PM] Indexing ended. 1 files indexed in 0s.
[Info  - 2:20:55 PM] Indexing started.
[Info  - 2:20:55 PM] Indexing ended. 1 files indexed in 0s.
[Info  - 2:22:39 PM] Indexing started.
[Info  - 2:22:39 PM] Indexing ended. 1 files indexed in 0s.
[Info  - 2:22:40 PM] Indexing started.
[Info  - 2:22:40 PM] Indexing ended. 4 files indexed in 0s.
[Info  - 2:34:56 PM] Indexing started.
[Info  - 2:34:57 PM] Indexing ended. 1 files indexed in 0s.
[Info  - 2:40:47 PM] Indexing started.
[Info  - 2:40:47 PM] Indexing ended. 1 files indexed in 0s.
[Info  - 2:45:46 PM] Indexing started.
[Info  - 2:45:46 PM] Indexing ended. 28 files indexed in 0s.
[Info  - 2:45:47 PM] Indexing started.
[Info  - 2:45:47 PM] Indexing ended. 6 files indexed in 0s.
[Info  - 2:49:51 PM] Indexing started.
[Info  - 2:49:51 PM] Indexing ended. 2 files indexed in 0s.
[Info  - 2:52:25 PM] Indexing started.
[Info  - 2:52:26 PM] Indexing ended. 1 files indexed in 0s.
[Info  - 3:29:59 PM] Indexing started.
[Info  - 3:29:59 PM] Indexing ended. 1 files indexed in 0s.
[Info  - 3:40:04 PM] Indexing started.
[Info  - 3:40:04 PM] Indexing ended. 68 files indexed in 0s.
[Info  - 3:40:05 PM] Indexing started.
[Info  - 3:40:05 PM] Indexing ended. 7 files indexed in 0s.
[Info  - 3:43:27 PM] Indexing started.
[Info  - 3:43:27 PM] Indexing ended. 1 files indexed in 0s.
[Info  - 3:49:35 PM] Indexing started.
[Info  - 3:49:35 PM] Indexing ended. 1 files indexed in 0s.
[Info  - 3:53:28 PM] Indexing started.
[Info  - 3:53:28 PM] Indexing ended. 1 files indexed in 0s.
[Info  - 3:53:29 PM] Indexing started.
[Info  - 3:53:29 PM] Indexing ended. 4 files indexed in 0s.
[Info  - 3:56:40 PM] Indexing started.
[Info  - 3:56:41 PM] Indexing ended. 2 files indexed in 0s.
[Info  - 3:59:03 PM] Indexing started.
[Info  - 3:59:03 PM] Indexing ended. 1 files indexed in 0s.
[Info  - 4:08:13 PM] Indexing started.
[Info  - 4:08:13 PM] Indexing ended. 1 files indexed in 0s.
[Info  - 4:09:30 PM] Indexing started.
[Info  - 4:09:30 PM] Indexing ended. 1 files indexed in 0s.
[Info  - 4:27:57 PM] Indexing started.
[Info  - 4:27:57 PM] Indexing ended. 1 files indexed in 0s.
