[Info  - 11:09:59 AM] Initialising intelephense 1.7.1
[Info  - 11:09:59 AM] Reading state from /home/lizon/.vscode-server/data/User/workspaceStorage/daf6f274ccc582e147915d7877d74ae9/bmewburn.vscode-intelephense-client/1d401cc.
[Info  - 11:10:00 AM] Initialised in 961 ms
[Warn  - 11:10:01 AM] file:///home/lizon/example-app/vendor/fakerphp/faker/src/Faker/Provider/nl_BE/Text.php is over the maximum file size of 1000000 bytes.
[Info  - 11:10:01 AM] Indexing started.
[Info  - 11:10:01 AM] Indexing ended. 3 files indexed in 0s.
[Info  - 11:10:01 AM] Writing state to /home/lizon/.vscode-server/data/User/workspaceStorage/daf6f274ccc582e147915d7877d74ae9/bmewburn.vscode-intelephense-client/1d401cc.
[Info  - 11:10:02 AM] Wrote state in 0.7s.
[Info  - 11:11:52 AM] Indexing started.
[Info  - 11:11:53 AM] Indexing ended. 1 files indexed in 0s.
[Info  - 11:26:45 AM] Indexing started.
[Info  - 11:26:45 AM] Indexing ended. 1 files indexed in 0s.
[Info  - 11:38:21 AM] Indexing started.
[Info  - 11:38:21 AM] Indexing ended. 1 files indexed in 0s.
[Info  - 11:47:37 AM] Indexing started.
[Info  - 11:47:38 AM] Indexing ended. 1 files indexed in 0s.
[Info  - 11:53:40 AM] Indexing started.
[Info  - 11:53:41 AM] Indexing ended. 1 files indexed in 0s.
[Info  - 11:59:57 AM] Indexing started.
[Info  - 11:59:57 AM] Indexing ended. 1 files indexed in 0s.
