[Info  - 1:49:23 PM] Initialising intelephense 1.7.1
[Info  - 1:49:23 PM] Reading state from /home/lizon/.vscode-server/data/User/workspaceStorage/daf6f274ccc582e147915d7877d74ae9/bmewburn.vscode-intelephense-client/1d401cc.
[Info  - 1:49:24 PM] Initialised in 985 ms
[Warn  - 1:49:25 PM] file:///home/lizon/example-app/vendor/fakerphp/faker/src/Faker/Provider/nl_BE/Text.php is over the maximum file size of 1000000 bytes.
[Info  - 1:49:25 PM] Indexing started.
[Info  - 1:49:25 PM] Indexing ended. 24 files indexed in 0s.
[Info  - 1:49:25 PM] Writing state to /home/lizon/.vscode-server/data/User/workspaceStorage/daf6f274ccc582e147915d7877d74ae9/bmewburn.vscode-intelephense-client/1d401cc.
[Info  - 1:49:26 PM] Wrote state in 0.7s.
[Info  - 2:32:21 PM] Indexing started.
[Info  - 2:32:21 PM] Indexing ended. 1 files indexed in 0s.
[Info  - 2:41:30 PM] Indexing started.
[Info  - 2:41:30 PM] Indexing ended. 1 files indexed in 0s.
[Info  - 2:49:23 PM] Indexing started.
[Info  - 2:49:24 PM] Indexing ended. 1 files indexed in 0s.
[Info  - 2:50:15 PM] Indexing started.
[Info  - 2:50:16 PM] Indexing ended. 1 files indexed in 0s.
[Info  - 2:54:34 PM] Indexing started.
[Info  - 2:54:35 PM] Indexing ended. 1 files indexed in 0s.
[Info  - 2:55:30 PM] Indexing started.
[Info  - 2:55:30 PM] Indexing ended. 1 files indexed in 0s.
