[2021-09-18 16:40:05.730] [exthost] [info] extension host started
[2021-09-18 16:40:05.790] [exthost] [info] ExtensionService#_doActivateExtension vscode.php-language-features {"startup":false,"extensionId":{"value":"vscode.php-language-features","_lower":"vscode.php-language-features"},"activationEvent":"onLanguage:php"}
[2021-09-18 16:40:05.790] [exthost] [info] ExtensionService#loadCommonJSModule file:///home/lizon/.vscode-server/bin/83bd43bc519d15e50c4272c6cf5c1479df196a4d/extensions/php-language-features/dist/phpMain
[2021-09-18 16:40:05.818] [exthost] [info] ExtensionService#_doActivateExtension bmewburn.vscode-intelephense-client {"startup":false,"extensionId":{"value":"bmewburn.vscode-intelephense-client","_lower":"bmewburn.vscode-intelephense-client"},"activationEvent":"onLanguage:php"}
[2021-09-18 16:40:05.818] [exthost] [info] ExtensionService#loadCommonJSModule file:///home/lizon/.vscode-server/extensions/bmewburn.vscode-intelephense-client-1.7.1/lib/extension
[2021-09-18 16:40:05.871] [exthost] [info] ExtensionService#_doActivateExtension vscode.debug-auto-launch {"startup":true,"extensionId":{"value":"vscode.debug-auto-launch","_lower":"vscode.debug-auto-launch"},"activationEvent":"*"}
[2021-09-18 16:40:05.871] [exthost] [info] ExtensionService#loadCommonJSModule file:///home/lizon/.vscode-server/bin/83bd43bc519d15e50c4272c6cf5c1479df196a4d/extensions/debug-auto-launch/dist/extension
[2021-09-18 16:40:05.881] [exthost] [info] ExtensionService#_doActivateExtension vscode.git {"startup":true,"extensionId":{"value":"vscode.github","_lower":"vscode.github"},"activationEvent":"*"}
[2021-09-18 16:40:05.881] [exthost] [info] ExtensionService#loadCommonJSModule file:///home/lizon/.vscode-server/bin/83bd43bc519d15e50c4272c6cf5c1479df196a4d/extensions/git/dist/main
[2021-09-18 16:40:05.984] [exthost] [info] Lock '/home/lizon/.vscode-server/data/User/workspaceStorage/daf6f274ccc582e147915d7877d74ae9/vscode.lock': Lock acquired.
[2021-09-18 16:40:06.478] [exthost] [info] ExtensionService#_doActivateExtension ms-vscode.js-debug {"startup":false,"extensionId":{"value":"ms-vscode.js-debug","_lower":"ms-vscode.js-debug"},"activationEvent":"onCommand:extension.js-debug.clearAutoAttachVariables"}
[2021-09-18 16:40:06.478] [exthost] [info] ExtensionService#loadCommonJSModule file:///home/lizon/.vscode-server/bin/83bd43bc519d15e50c4272c6cf5c1479df196a4d/extensions/ms-vscode.js-debug/src/extension.js
[2021-09-18 16:40:06.874] [exthost] [info] ExtensionService#_doActivateExtension vscode.github {"startup":true,"extensionId":{"value":"vscode.github","_lower":"vscode.github"},"activationEvent":"*"}
[2021-09-18 16:40:06.874] [exthost] [info] ExtensionService#loadCommonJSModule file:///home/lizon/.vscode-server/bin/83bd43bc519d15e50c4272c6cf5c1479df196a4d/extensions/github/dist/extension.js
[2021-09-18 16:40:06.966] [exthost] [info] ExtensionService#_doActivateExtension vscode.emmet {"startup":false,"extensionId":{"value":"vscode.emmet","_lower":"vscode.emmet"},"activationEvent":"onStartupFinished"}
[2021-09-18 16:40:06.966] [exthost] [info] ExtensionService#loadCommonJSModule file:///home/lizon/.vscode-server/bin/83bd43bc519d15e50c4272c6cf5c1479df196a4d/extensions/emmet/dist/node/emmetNodeMain
[2021-09-18 16:40:06.989] [exthost] [info] ExtensionService#_doActivateExtension vscode.merge-conflict {"startup":false,"extensionId":{"value":"vscode.merge-conflict","_lower":"vscode.merge-conflict"},"activationEvent":"onStartupFinished"}
[2021-09-18 16:40:06.989] [exthost] [info] ExtensionService#loadCommonJSModule file:///home/lizon/.vscode-server/bin/83bd43bc519d15e50c4272c6cf5c1479df196a4d/extensions/merge-conflict/dist/mergeConflictMain
[2021-09-18 16:40:06.998] [exthost] [info] eager extensions activated
[2021-09-18 16:53:35.116] [exthost] [error] [bmewburn.vscode-intelephense-client] provider FAILED
[2021-09-18 16:53:35.117] [exthost] [error] Canceled: Canceled
	at w.makeCancelError (/home/lizon/.vscode-server/extensions/bmewburn.vscode-intelephense-client-1.7.1/lib/extension.js:1:128329)
	at w.handleFailedRequest (/home/lizon/.vscode-server/extensions/bmewburn.vscode-intelephense-client-1.7.1/lib/extension.js:1:128180)
	at /home/lizon/.vscode-server/extensions/bmewburn.vscode-intelephense-client-1.7.1/lib/extension.js:1:87601
	at async $.resolveCompletionItem (/home/lizon/.vscode-server/bin/83bd43bc519d15e50c4272c6cf5c1479df196a4d/out/vs/server/remoteExtensionHostProcess.js:94:177637)
[2021-09-18 18:18:28.023] [exthost] [info] ExtensionService#_doActivateExtension yy0931.save-as-root {"startup":false,"extensionId":{"value":"yy0931.save-as-root","_lower":"yy0931.save-as-root"},"activationEvent":"onCommand:save-as-root.saveFile"}
[2021-09-18 18:18:28.023] [exthost] [info] ExtensionService#loadCommonJSModule file:///home/lizon/.vscode-server/extensions/yy0931.save-as-root-1.3.8/extension.js
[2021-09-18 20:48:35.475] [exthost] [info] extension host terminating: received terminate message from renderer
[2021-09-18 20:48:35.475] [exthost] [info] Lock '/home/lizon/.vscode-server/data/User/workspaceStorage/daf6f274ccc582e147915d7877d74ae9/vscode.lock': Marking the lockfile as scheduled to be released in 6000 ms.
[2021-09-18 20:48:35.488] [exthost] [error] TypeError: Cannot read private member from an object whose class did not declare it
	at ze (/home/lizon/.vscode-server/bin/83bd43bc519d15e50c4272c6cf5c1479df196a4d/out/vs/server/remoteExtensionHostProcess.js:99:6779)
	at Object.dispose (/home/lizon/.vscode-server/bin/83bd43bc519d15e50c4272c6cf5c1479df196a4d/out/vs/server/remoteExtensionHostProcess.js:87:17897)
	at o (/home/lizon/.vscode-server/bin/83bd43bc519d15e50c4272c6cf5c1479df196a4d/out/vs/server/remoteExtensionHostProcess.js:14:4943)
	at v._deactivate (/home/lizon/.vscode-server/bin/83bd43bc519d15e50c4272c6cf5c1479df196a4d/out/vs/server/remoteExtensionHostProcess.js:99:11412)
	at /home/lizon/.vscode-server/bin/83bd43bc519d15e50c4272c6cf5c1479df196a4d/out/vs/server/remoteExtensionHostProcess.js:99:9991
	at Array.map (<anonymous>)
	at v.deactivateAll (/home/lizon/.vscode-server/bin/83bd43bc519d15e50c4272c6cf5c1479df196a4d/out/vs/server/remoteExtensionHostProcess.js:99:9979)
	at E.terminate (/home/lizon/.vscode-server/bin/83bd43bc519d15e50c4272c6cf5c1479df196a4d/out/vs/server/remoteExtensionHostProcess.js:103:723)
	at a (/home/lizon/.vscode-server/bin/83bd43bc519d15e50c4272c6cf5c1479df196a4d/out/vs/server/remoteExtensionHostProcess.js:113:32208)
	at /home/lizon/.vscode-server/bin/83bd43bc519d15e50c4272c6cf5c1479df196a4d/out/vs/server/remoteExtensionHostProcess.js:113:30124
	at c.fire (/home/lizon/.vscode-server/bin/83bd43bc519d15e50c4272c6cf5c1479df196a4d/out/vs/server/remoteExtensionHostProcess.js:66:1712)
	at l.fire (/home/lizon/.vscode-server/bin/83bd43bc519d15e50c4272c6cf5c1479df196a4d/out/vs/server/remoteExtensionHostProcess.js:74:15781)
	at r._receiveMessage (/home/lizon/.vscode-server/bin/83bd43bc519d15e50c4272c6cf5c1479df196a4d/out/vs/server/remoteExtensionHostProcess.js:74:21051)
	at /home/lizon/.vscode-server/bin/83bd43bc519d15e50c4272c6cf5c1479df196a4d/out/vs/server/remoteExtensionHostProcess.js:74:17929
	at c.fire (/home/lizon/.vscode-server/bin/83bd43bc519d15e50c4272c6cf5c1479df196a4d/out/vs/server/remoteExtensionHostProcess.js:66:1712)
	at v.acceptChunk (/home/lizon/.vscode-server/bin/83bd43bc519d15e50c4272c6cf5c1479df196a4d/out/vs/server/remoteExtensionHostProcess.js:74:13142)
	at /home/lizon/.vscode-server/bin/83bd43bc519d15e50c4272c6cf5c1479df196a4d/out/vs/server/remoteExtensionHostProcess.js:74:12490
	at c.fire (/home/lizon/.vscode-server/bin/83bd43bc519d15e50c4272c6cf5c1479df196a4d/out/vs/server/remoteExtensionHostProcess.js:66:1712)
	at E._acceptChunk (/home/lizon/.vscode-server/bin/83bd43bc519d15e50c4272c6cf5c1479df196a4d/out/vs/server/remoteExtensionHostProcess.js:113:19362)
	at /home/lizon/.vscode-server/bin/83bd43bc519d15e50c4272c6cf5c1479df196a4d/out/vs/server/remoteExtensionHostProcess.js:113:15775
	at Socket.w (/home/lizon/.vscode-server/bin/83bd43bc519d15e50c4272c6cf5c1479df196a4d/out/vs/server/remoteExtensionHostProcess.js:113:13350)
	at Socket.emit (events.js:315:20)
	at addChunk (internal/streams/readable.js:309:12)
	at readableAddChunk (internal/streams/readable.js:284:9)
	at Socket.Readable.push (internal/streams/readable.js:223:10)
	at TCP.onStreamRead (internal/stream_base_commons.js:188:23)
[2021-09-18 20:48:36.489] [exthost] [info] exiting with code 0
